<?xml version="1.0" encoding="UTF-8"?>
<testsuite xmlns:xsi="http://www.w3.org/2001/XMLSchema-instance" xsi:noNamespaceSchemaLocation="https://maven.apache.org/surefire/maven-surefire-plugin/xsd/surefire-test-report.xsd" name="com.flashcursos.model.service.TurmaTests" time="1.437" tests="5" errors="5" skipped="0" failures="0">
  <properties>
[...]
</properties>
  <testcase name="cadastrarTurmaMustPass" classname="com.flashcursos.model.service.TurmaTests" time="0.285">
    <error message="Failed to execute SQL script statement #1 of class path resource [dataset/usuarios.sql]: INSERT INTO usuario ( id, created, email, tipousuario, disponivel, nome, cpf, nascimento, celular, senha, account_activate_token, account_activate_token_expiration, password_reset_token, password_reset_token_expiration) VALUES ( 1001, now(), &apos;jlenon7@hotmail.com&apos;, 1, false, &apos;João Lenon&apos;, &apos;092.862.989-94&apos;, &apos;12/09/2000&apos;, &apos;(45) 99955-3220&apos;, &apos;$2a$10$bAdAVLvM.k3DqPaPYi0gnO1OffPSHLref8MElAk.u.fFQ17v9YKC2&apos;, &apos;f786c907-032e-451b-ac93-8508dec75a3d&apos;, &apos;2019-12-02&apos;, &apos;f786c907-032e-451b-ac93-8508dec75a3d&apos;, &apos;2019-12-02&apos;), ( 1002, now(), &apos;adryell.silva10@gmail.com&apos;, 2, false, &apos;Adryell Nathann&apos;, &apos;116.506.789-75&apos;, &apos;10/27/2000&apos;, &apos;(45) 99996-4523&apos;, &apos;$2a$10$bAdAVLvM.k3DqPaPYi0gnO1OffPSHLref8MElAk.u.fFQ17v9YKC2&apos;, &apos;f786c907-032e-451b-ac93-8508dec75a3d&apos;, &apos;2019-12-02&apos;, &apos;f786c907-032e-451b-ac93-8508dec75a3d&apos;, &apos;2019-12-02&apos;); nested exception is org.postgresql.util.PSQLException: ERROR: date/time field value out of range: &quot;10/27/2000&quot;&#10;  Dica: Perhaps you need a different &quot;datestyle&quot; setting.&#10;  Posição: 605" type="org.springframework.jdbc.datasource.init.ScriptStatementFailedException">org.springframework.jdbc.datasource.init.ScriptStatementFailedException: 
Failed to execute SQL script statement #1 of class path resource [dataset/usuarios.sql]: INSERT INTO usuario ( id, created, email, tipousuario, disponivel, nome, cpf, nascimento, celular, senha, account_activate_token, account_activate_token_expiration, password_reset_token, password_reset_token_expiration) VALUES ( 1001, now(), 'jlenon7@hotmail.com', 1, false, 'João Lenon', '092.862.989-94', '12/09/2000', '(45) 99955-3220', '$2a$10$bAdAVLvM.k3DqPaPYi0gnO1OffPSHLref8MElAk.u.fFQ17v9YKC2', 'f786c907-032e-451b-ac93-8508dec75a3d', '2019-12-02', 'f786c907-032e-451b-ac93-8508dec75a3d', '2019-12-02'), ( 1002, now(), 'adryell.silva10@gmail.com', 2, false, 'Adryell Nathann', '116.506.789-75', '10/27/2000', '(45) 99996-4523', '$2a$10$bAdAVLvM.k3DqPaPYi0gnO1OffPSHLref8MElAk.u.fFQ17v9YKC2', 'f786c907-032e-451b-ac93-8508dec75a3d', '2019-12-02', 'f786c907-032e-451b-ac93-8508dec75a3d', '2019-12-02'); nested exception is org.postgresql.util.PSQLException: ERROR: date/time field value out of range: "10/27/2000"
  Dica: Perhaps you need a different "datestyle" setting.
  Posição: 605
Caused by: org.postgresql.util.PSQLException: 
ERROR: date/time field value out of range: "10/27/2000"
  Dica: Perhaps you need a different "datestyle" setting.
  Posição: 605
</error>
    <system-out><![CDATA[2019-12-09 22:53:24.113  INFO 7688 --- [           main] .b.t.c.SpringBootTestContextBootstrapper : Neither @ContextConfiguration nor @ContextHierarchy found for test class [com.flashcursos.model.service.TurmaTests], using SpringBootContextLoader
2019-12-09 22:53:24.122  INFO 7688 --- [           main] o.s.t.c.support.AbstractContextLoader    : Could not detect default resource locations for test class [com.flashcursos.model.service.TurmaTests]: no resource found for suffixes {-context.xml, Context.groovy}.
2019-12-09 22:53:24.122  INFO 7688 --- [           main] .b.t.c.SpringBootTestContextBootstrapper : Loaded default TestExecutionListener class names from location [META-INF/spring.factories]: [org.springframework.boot.test.mock.mockito.MockitoTestExecutionListener, org.springframework.boot.test.mock.mockito.ResetMocksTestExecutionListener, org.springframework.boot.test.autoconfigure.restdocs.RestDocsTestExecutionListener, org.springframework.boot.test.autoconfigure.web.client.MockRestServiceServerResetTestExecutionListener, org.springframework.boot.test.autoconfigure.web.servlet.MockMvcPrintOnlyOnFailureTestExecutionListener, org.springframework.boot.test.autoconfigure.web.servlet.WebDriverTestExecutionListener, org.springframework.test.context.web.ServletTestExecutionListener, org.springframework.test.context.support.DirtiesContextBeforeModesTestExecutionListener, org.springframework.test.context.support.DependencyInjectionTestExecutionListener, org.springframework.test.context.support.DirtiesContextTestExecutionListener, org.springframework.test.context.transaction.TransactionalTestExecutionListener, org.springframework.test.context.jdbc.SqlScriptsTestExecutionListener, org.springframework.security.test.context.support.WithSecurityContextTestExecutionListener, org.springframework.security.test.context.support.ReactorContextTestExecutionListener]
2019-12-09 22:53:24.122  INFO 7688 --- [           main] .b.t.c.SpringBootTestContextBootstrapper : Using TestExecutionListeners: [org.springframework.test.context.web.ServletTestExecutionListener@7b4c793b, org.springframework.test.context.support.DirtiesContextBeforeModesTestExecutionListener@51a69e8f, org.springframework.boot.test.mock.mockito.MockitoTestExecutionListener@6442cf3e, org.springframework.boot.test.autoconfigure.SpringBootDependencyInjectionTestExecutionListener@60f1f95b, org.springframework.test.context.support.DirtiesContextTestExecutionListener@786cc1df, org.springframework.test.context.transaction.TransactionalTestExecutionListener@1ddb6abb, org.springframework.test.context.jdbc.SqlScriptsTestExecutionListener@6f926d01, org.springframework.security.test.context.support.WithSecurityContextTestExecutionListener@c67a89, org.springframework.security.test.context.support.ReactorContextTestExecutionListener@1e3a2177, org.springframework.boot.test.mock.mockito.ResetMocksTestExecutionListener@58720eb9, org.springframework.boot.test.autoconfigure.restdocs.RestDocsTestExecutionListener@24749ad3, org.springframework.boot.test.autoconfigure.web.client.MockRestServiceServerResetTestExecutionListener@1755aee6, org.springframework.boot.test.autoconfigure.web.servlet.MockMvcPrintOnlyOnFailureTestExecutionListener@582b14e2, org.springframework.boot.test.autoconfigure.web.servlet.WebDriverTestExecutionListener@10e4ce98]
2019-12-09 22:53:24.517  WARN 7688 --- [           main] o.s.test.context.TestContextManager      : Caught exception while invoking 'beforeTestMethod' callback on TestExecutionListener [org.springframework.test.context.jdbc.SqlScriptsTestExecutionListener@6f926d01] for test method [public void com.flashcursos.model.service.TurmaTests.cadastrarTurmaMustPass()] and test instance [com.flashcursos.model.service.TurmaTests@5b76b891]

org.springframework.jdbc.datasource.init.ScriptStatementFailedException: Failed to execute SQL script statement #1 of class path resource [dataset/usuarios.sql]: INSERT INTO usuario ( id, created, email, tipousuario, disponivel, nome, cpf, nascimento, celular, senha, account_activate_token, account_activate_token_expiration, password_reset_token, password_reset_token_expiration) VALUES ( 1001, now(), 'jlenon7@hotmail.com', 1, false, 'João Lenon', '092.862.989-94', '12/09/2000', '(45) 99955-3220', '$2a$10$bAdAVLvM.k3DqPaPYi0gnO1OffPSHLref8MElAk.u.fFQ17v9YKC2', 'f786c907-032e-451b-ac93-8508dec75a3d', '2019-12-02', 'f786c907-032e-451b-ac93-8508dec75a3d', '2019-12-02'), ( 1002, now(), 'adryell.silva10@gmail.com', 2, false, 'Adryell Nathann', '116.506.789-75', '10/27/2000', '(45) 99996-4523', '$2a$10$bAdAVLvM.k3DqPaPYi0gnO1OffPSHLref8MElAk.u.fFQ17v9YKC2', 'f786c907-032e-451b-ac93-8508dec75a3d', '2019-12-02', 'f786c907-032e-451b-ac93-8508dec75a3d', '2019-12-02'); nested exception is org.postgresql.util.PSQLException: ERROR: date/time field value out of range: "10/27/2000"
  Dica: Perhaps you need a different "datestyle" setting.
  Posição: 605
	at org.springframework.jdbc.datasource.init.ScriptUtils.executeSqlScript(ScriptUtils.java:509) ~[spring-jdbc-5.1.9.RELEASE.jar:5.1.9.RELEASE]
	at org.springframework.jdbc.datasource.init.ResourceDatabasePopulator.populate(ResourceDatabasePopulator.java:238) ~[spring-jdbc-5.1.9.RELEASE.jar:5.1.9.RELEASE]
	at org.springframework.jdbc.datasource.init.DatabasePopulatorUtils.execute(DatabasePopulatorUtils.java:48) ~[spring-jdbc-5.1.9.RELEASE.jar:5.1.9.RELEASE]
	at org.springframework.jdbc.datasource.init.ResourceDatabasePopulator.execute(ResourceDatabasePopulator.java:253) ~[spring-jdbc-5.1.9.RELEASE.jar:5.1.9.RELEASE]
	at org.springframework.test.context.jdbc.SqlScriptsTestExecutionListener.lambda$executeSqlScripts$3(SqlScriptsTestExecutionListener.java:229) ~[spring-test-5.1.9.RELEASE.jar:5.1.9.RELEASE]
	at org.springframework.transaction.support.TransactionTemplate.execute(TransactionTemplate.java:140) ~[spring-tx-5.1.9.RELEASE.jar:5.1.9.RELEASE]
	at org.springframework.test.context.jdbc.SqlScriptsTestExecutionListener.executeSqlScripts(SqlScriptsTestExecutionListener.java:228) ~[spring-test-5.1.9.RELEASE.jar:5.1.9.RELEASE]
	at org.springframework.test.context.jdbc.SqlScriptsTestExecutionListener.executeSqlScripts(SqlScriptsTestExecutionListener.java:142) ~[spring-test-5.1.9.RELEASE.jar:5.1.9.RELEASE]
	at org.springframework.test.context.jdbc.SqlScriptsTestExecutionListener.beforeTestMethod(SqlScriptsTestExecutionListener.java:112) ~[spring-test-5.1.9.RELEASE.jar:5.1.9.RELEASE]
	at org.springframework.test.context.TestContextManager.beforeTestMethod(TestContextManager.java:291) ~[spring-test-5.1.9.RELEASE.jar:5.1.9.RELEASE]
	at org.springframework.test.context.junit4.statements.RunBeforeTestMethodCallbacks.evaluate(RunBeforeTestMethodCallbacks.java:74) [spring-test-5.1.9.RELEASE.jar:5.1.9.RELEASE]
	at org.springframework.test.context.junit4.statements.RunAfterTestMethodCallbacks.evaluate(RunAfterTestMethodCallbacks.java:86) [spring-test-5.1.9.RELEASE.jar:5.1.9.RELEASE]
	at org.springframework.test.context.junit4.statements.SpringRepeat.evaluate(SpringRepeat.java:84) [spring-test-5.1.9.RELEASE.jar:5.1.9.RELEASE]
	at org.junit.runners.ParentRunner.runLeaf(ParentRunner.java:325) [junit-4.12.jar:4.12]
	at org.springframework.test.context.junit4.SpringJUnit4ClassRunner.runChild(SpringJUnit4ClassRunner.java:251) [spring-test-5.1.9.RELEASE.jar:5.1.9.RELEASE]
	at org.springframework.test.context.junit4.SpringJUnit4ClassRunner.runChild(SpringJUnit4ClassRunner.java:97) [spring-test-5.1.9.RELEASE.jar:5.1.9.RELEASE]
	at org.junit.runners.ParentRunner$3.run(ParentRunner.java:290) [junit-4.12.jar:4.12]
	at org.junit.runners.ParentRunner$1.schedule(ParentRunner.java:71) [junit-4.12.jar:4.12]
	at org.junit.runners.ParentRunner.runChildren(ParentRunner.java:288) [junit-4.12.jar:4.12]
	at org.junit.runners.ParentRunner.access$000(ParentRunner.java:58) [junit-4.12.jar:4.12]
	at org.junit.runners.ParentRunner$2.evaluate(ParentRunner.java:268) [junit-4.12.jar:4.12]
	at org.springframework.test.context.junit4.statements.RunBeforeTestClassCallbacks.evaluate(RunBeforeTestClassCallbacks.java:61) [spring-test-5.1.9.RELEASE.jar:5.1.9.RELEASE]
	at org.springframework.test.context.junit4.statements.RunAfterTestClassCallbacks.evaluate(RunAfterTestClassCallbacks.java:70) [spring-test-5.1.9.RELEASE.jar:5.1.9.RELEASE]
	at org.junit.runners.ParentRunner.run(ParentRunner.java:363) [junit-4.12.jar:4.12]
	at org.springframework.test.context.junit4.SpringJUnit4ClassRunner.run(SpringJUnit4ClassRunner.java:190) [spring-test-5.1.9.RELEASE.jar:5.1.9.RELEASE]
	at org.apache.maven.surefire.junit4.JUnit4Provider.execute(JUnit4Provider.java:365) [surefire-junit4-2.22.2.jar:2.22.2]
	at org.apache.maven.surefire.junit4.JUnit4Provider.executeWithRerun(JUnit4Provider.java:273) [surefire-junit4-2.22.2.jar:2.22.2]
	at org.apache.maven.surefire.junit4.JUnit4Provider.executeTestSet(JUnit4Provider.java:238) [surefire-junit4-2.22.2.jar:2.22.2]
	at org.apache.maven.surefire.junit4.JUnit4Provider.invoke(JUnit4Provider.java:159) [surefire-junit4-2.22.2.jar:2.22.2]
	at org.apache.maven.surefire.booter.ForkedBooter.invokeProviderInSameClassLoader(ForkedBooter.java:384) [surefire-booter-2.22.2.jar:2.22.2]
	at org.apache.maven.surefire.booter.ForkedBooter.runSuitesInProcess(ForkedBooter.java:345) [surefire-booter-2.22.2.jar:2.22.2]
	at org.apache.maven.surefire.booter.ForkedBooter.execute(ForkedBooter.java:126) [surefire-booter-2.22.2.jar:2.22.2]
	at org.apache.maven.surefire.booter.ForkedBooter.main(ForkedBooter.java:418) [surefire-booter-2.22.2.jar:2.22.2]
Caused by: org.postgresql.util.PSQLException: ERROR: date/time field value out of range: "10/27/2000"
  Dica: Perhaps you need a different "datestyle" setting.
  Posição: 605
	at org.postgresql.core.v3.QueryExecutorImpl.receiveErrorResponse(QueryExecutorImpl.java:2497) ~[postgresql-42.2.8.jar:42.2.8]
	at org.postgresql.core.v3.QueryExecutorImpl.processResults(QueryExecutorImpl.java:2233) ~[postgresql-42.2.8.jar:42.2.8]
	at org.postgresql.core.v3.QueryExecutorImpl.execute(QueryExecutorImpl.java:310) ~[postgresql-42.2.8.jar:42.2.8]
	at org.postgresql.jdbc.PgStatement.executeInternal(PgStatement.java:446) ~[postgresql-42.2.8.jar:42.2.8]
	at org.postgresql.jdbc.PgStatement.execute(PgStatement.java:370) ~[postgresql-42.2.8.jar:42.2.8]
	at org.postgresql.jdbc.PgStatement.executeWithFlags(PgStatement.java:311) ~[postgresql-42.2.8.jar:42.2.8]
	at org.postgresql.jdbc.PgStatement.executeCachedSql(PgStatement.java:297) ~[postgresql-42.2.8.jar:42.2.8]
	at org.postgresql.jdbc.PgStatement.executeWithFlags(PgStatement.java:274) ~[postgresql-42.2.8.jar:42.2.8]
	at org.postgresql.jdbc.PgStatement.execute(PgStatement.java:269) ~[postgresql-42.2.8.jar:42.2.8]
	at com.zaxxer.hikari.pool.ProxyStatement.execute(ProxyStatement.java:95) ~[HikariCP-3.2.0.jar:na]
	at com.zaxxer.hikari.pool.HikariProxyStatement.execute(HikariProxyStatement.java) ~[HikariCP-3.2.0.jar:na]
	at org.springframework.jdbc.datasource.init.ScriptUtils.executeSqlScript(ScriptUtils.java:488) ~[spring-jdbc-5.1.9.RELEASE.jar:5.1.9.RELEASE]
	... 32 common frames omitted

]]></system-out>
  </testcase>
  <testcase name="listarTurmasMustPass" classname="com.flashcursos.model.service.TurmaTests" time="0.279">
    <error message="Failed to execute SQL script statement #1 of class path resource [dataset/usuarios.sql]: INSERT INTO usuario ( id, created, email, tipousuario, disponivel, nome, cpf, nascimento, celular, senha, account_activate_token, account_activate_token_expiration, password_reset_token, password_reset_token_expiration) VALUES ( 1001, now(), &apos;jlenon7@hotmail.com&apos;, 1, false, &apos;João Lenon&apos;, &apos;092.862.989-94&apos;, &apos;12/09/2000&apos;, &apos;(45) 99955-3220&apos;, &apos;$2a$10$bAdAVLvM.k3DqPaPYi0gnO1OffPSHLref8MElAk.u.fFQ17v9YKC2&apos;, &apos;f786c907-032e-451b-ac93-8508dec75a3d&apos;, &apos;2019-12-02&apos;, &apos;f786c907-032e-451b-ac93-8508dec75a3d&apos;, &apos;2019-12-02&apos;), ( 1002, now(), &apos;adryell.silva10@gmail.com&apos;, 2, false, &apos;Adryell Nathann&apos;, &apos;116.506.789-75&apos;, &apos;10/27/2000&apos;, &apos;(45) 99996-4523&apos;, &apos;$2a$10$bAdAVLvM.k3DqPaPYi0gnO1OffPSHLref8MElAk.u.fFQ17v9YKC2&apos;, &apos;f786c907-032e-451b-ac93-8508dec75a3d&apos;, &apos;2019-12-02&apos;, &apos;f786c907-032e-451b-ac93-8508dec75a3d&apos;, &apos;2019-12-02&apos;); nested exception is org.postgresql.util.PSQLException: ERROR: date/time field value out of range: &quot;10/27/2000&quot;&#10;  Dica: Perhaps you need a different &quot;datestyle&quot; setting.&#10;  Posição: 605" type="org.springframework.jdbc.datasource.init.ScriptStatementFailedException">org.springframework.jdbc.datasource.init.ScriptStatementFailedException: 
Failed to execute SQL script statement #1 of class path resource [dataset/usuarios.sql]: INSERT INTO usuario ( id, created, email, tipousuario, disponivel, nome, cpf, nascimento, celular, senha, account_activate_token, account_activate_token_expiration, password_reset_token, password_reset_token_expiration) VALUES ( 1001, now(), 'jlenon7@hotmail.com', 1, false, 'João Lenon', '092.862.989-94', '12/09/2000', '(45) 99955-3220', '$2a$10$bAdAVLvM.k3DqPaPYi0gnO1OffPSHLref8MElAk.u.fFQ17v9YKC2', 'f786c907-032e-451b-ac93-8508dec75a3d', '2019-12-02', 'f786c907-032e-451b-ac93-8508dec75a3d', '2019-12-02'), ( 1002, now(), 'adryell.silva10@gmail.com', 2, false, 'Adryell Nathann', '116.506.789-75', '10/27/2000', '(45) 99996-4523', '$2a$10$bAdAVLvM.k3DqPaPYi0gnO1OffPSHLref8MElAk.u.fFQ17v9YKC2', 'f786c907-032e-451b-ac93-8508dec75a3d', '2019-12-02', 'f786c907-032e-451b-ac93-8508dec75a3d', '2019-12-02'); nested exception is org.postgresql.util.PSQLException: ERROR: date/time field value out of range: "10/27/2000"
  Dica: Perhaps you need a different "datestyle" setting.
  Posição: 605
Caused by: org.postgresql.util.PSQLException: 
ERROR: date/time field value out of range: "10/27/2000"
  Dica: Perhaps you need a different "datestyle" setting.
  Posição: 605
</error>
    <system-out><![CDATA[2019-12-09 22:53:24.786  WARN 7688 --- [           main] o.s.test.context.TestContextManager      : Caught exception while invoking 'beforeTestMethod' callback on TestExecutionListener [org.springframework.test.context.jdbc.SqlScriptsTestExecutionListener@6f926d01] for test method [public void com.flashcursos.model.service.TurmaTests.listarTurmasMustPass()] and test instance [com.flashcursos.model.service.TurmaTests@245dbd09]

org.springframework.jdbc.datasource.init.ScriptStatementFailedException: Failed to execute SQL script statement #1 of class path resource [dataset/usuarios.sql]: INSERT INTO usuario ( id, created, email, tipousuario, disponivel, nome, cpf, nascimento, celular, senha, account_activate_token, account_activate_token_expiration, password_reset_token, password_reset_token_expiration) VALUES ( 1001, now(), 'jlenon7@hotmail.com', 1, false, 'João Lenon', '092.862.989-94', '12/09/2000', '(45) 99955-3220', '$2a$10$bAdAVLvM.k3DqPaPYi0gnO1OffPSHLref8MElAk.u.fFQ17v9YKC2', 'f786c907-032e-451b-ac93-8508dec75a3d', '2019-12-02', 'f786c907-032e-451b-ac93-8508dec75a3d', '2019-12-02'), ( 1002, now(), 'adryell.silva10@gmail.com', 2, false, 'Adryell Nathann', '116.506.789-75', '10/27/2000', '(45) 99996-4523', '$2a$10$bAdAVLvM.k3DqPaPYi0gnO1OffPSHLref8MElAk.u.fFQ17v9YKC2', 'f786c907-032e-451b-ac93-8508dec75a3d', '2019-12-02', 'f786c907-032e-451b-ac93-8508dec75a3d', '2019-12-02'); nested exception is org.postgresql.util.PSQLException: ERROR: date/time field value out of range: "10/27/2000"
  Dica: Perhaps you need a different "datestyle" setting.
  Posição: 605
	at org.springframework.jdbc.datasource.init.ScriptUtils.executeSqlScript(ScriptUtils.java:509) ~[spring-jdbc-5.1.9.RELEASE.jar:5.1.9.RELEASE]
	at org.springframework.jdbc.datasource.init.ResourceDatabasePopulator.populate(ResourceDatabasePopulator.java:238) ~[spring-jdbc-5.1.9.RELEASE.jar:5.1.9.RELEASE]
	at org.springframework.jdbc.datasource.init.DatabasePopulatorUtils.execute(DatabasePopulatorUtils.java:48) ~[spring-jdbc-5.1.9.RELEASE.jar:5.1.9.RELEASE]
	at org.springframework.jdbc.datasource.init.ResourceDatabasePopulator.execute(ResourceDatabasePopulator.java:253) ~[spring-jdbc-5.1.9.RELEASE.jar:5.1.9.RELEASE]
	at org.springframework.test.context.jdbc.SqlScriptsTestExecutionListener.lambda$executeSqlScripts$3(SqlScriptsTestExecutionListener.java:229) ~[spring-test-5.1.9.RELEASE.jar:5.1.9.RELEASE]
	at org.springframework.transaction.support.TransactionTemplate.execute(TransactionTemplate.java:140) ~[spring-tx-5.1.9.RELEASE.jar:5.1.9.RELEASE]
	at org.springframework.test.context.jdbc.SqlScriptsTestExecutionListener.executeSqlScripts(SqlScriptsTestExecutionListener.java:228) ~[spring-test-5.1.9.RELEASE.jar:5.1.9.RELEASE]
	at org.springframework.test.context.jdbc.SqlScriptsTestExecutionListener.executeSqlScripts(SqlScriptsTestExecutionListener.java:142) ~[spring-test-5.1.9.RELEASE.jar:5.1.9.RELEASE]
	at org.springframework.test.context.jdbc.SqlScriptsTestExecutionListener.beforeTestMethod(SqlScriptsTestExecutionListener.java:112) ~[spring-test-5.1.9.RELEASE.jar:5.1.9.RELEASE]
	at org.springframework.test.context.TestContextManager.beforeTestMethod(TestContextManager.java:291) ~[spring-test-5.1.9.RELEASE.jar:5.1.9.RELEASE]
	at org.springframework.test.context.junit4.statements.RunBeforeTestMethodCallbacks.evaluate(RunBeforeTestMethodCallbacks.java:74) [spring-test-5.1.9.RELEASE.jar:5.1.9.RELEASE]
	at org.springframework.test.context.junit4.statements.RunAfterTestMethodCallbacks.evaluate(RunAfterTestMethodCallbacks.java:86) [spring-test-5.1.9.RELEASE.jar:5.1.9.RELEASE]
	at org.springframework.test.context.junit4.statements.SpringRepeat.evaluate(SpringRepeat.java:84) [spring-test-5.1.9.RELEASE.jar:5.1.9.RELEASE]
	at org.junit.runners.ParentRunner.runLeaf(ParentRunner.java:325) [junit-4.12.jar:4.12]
	at org.springframework.test.context.junit4.SpringJUnit4ClassRunner.runChild(SpringJUnit4ClassRunner.java:251) [spring-test-5.1.9.RELEASE.jar:5.1.9.RELEASE]
	at org.springframework.test.context.junit4.SpringJUnit4ClassRunner.runChild(SpringJUnit4ClassRunner.java:97) [spring-test-5.1.9.RELEASE.jar:5.1.9.RELEASE]
	at org.junit.runners.ParentRunner$3.run(ParentRunner.java:290) [junit-4.12.jar:4.12]
	at org.junit.runners.ParentRunner$1.schedule(ParentRunner.java:71) [junit-4.12.jar:4.12]
	at org.junit.runners.ParentRunner.runChildren(ParentRunner.java:288) [junit-4.12.jar:4.12]
	at org.junit.runners.ParentRunner.access$000(ParentRunner.java:58) [junit-4.12.jar:4.12]
	at org.junit.runners.ParentRunner$2.evaluate(ParentRunner.java:268) [junit-4.12.jar:4.12]
	at org.springframework.test.context.junit4.statements.RunBeforeTestClassCallbacks.evaluate(RunBeforeTestClassCallbacks.java:61) [spring-test-5.1.9.RELEASE.jar:5.1.9.RELEASE]
	at org.springframework.test.context.junit4.statements.RunAfterTestClassCallbacks.evaluate(RunAfterTestClassCallbacks.java:70) [spring-test-5.1.9.RELEASE.jar:5.1.9.RELEASE]
	at org.junit.runners.ParentRunner.run(ParentRunner.java:363) [junit-4.12.jar:4.12]
	at org.springframework.test.context.junit4.SpringJUnit4ClassRunner.run(SpringJUnit4ClassRunner.java:190) [spring-test-5.1.9.RELEASE.jar:5.1.9.RELEASE]
	at org.apache.maven.surefire.junit4.JUnit4Provider.execute(JUnit4Provider.java:365) [surefire-junit4-2.22.2.jar:2.22.2]
	at org.apache.maven.surefire.junit4.JUnit4Provider.executeWithRerun(JUnit4Provider.java:273) [surefire-junit4-2.22.2.jar:2.22.2]
	at org.apache.maven.surefire.junit4.JUnit4Provider.executeTestSet(JUnit4Provider.java:238) [surefire-junit4-2.22.2.jar:2.22.2]
	at org.apache.maven.surefire.junit4.JUnit4Provider.invoke(JUnit4Provider.java:159) [surefire-junit4-2.22.2.jar:2.22.2]
	at org.apache.maven.surefire.booter.ForkedBooter.invokeProviderInSameClassLoader(ForkedBooter.java:384) [surefire-booter-2.22.2.jar:2.22.2]
	at org.apache.maven.surefire.booter.ForkedBooter.runSuitesInProcess(ForkedBooter.java:345) [surefire-booter-2.22.2.jar:2.22.2]
	at org.apache.maven.surefire.booter.ForkedBooter.execute(ForkedBooter.java:126) [surefire-booter-2.22.2.jar:2.22.2]
	at org.apache.maven.surefire.booter.ForkedBooter.main(ForkedBooter.java:418) [surefire-booter-2.22.2.jar:2.22.2]
Caused by: org.postgresql.util.PSQLException: ERROR: date/time field value out of range: "10/27/2000"
  Dica: Perhaps you need a different "datestyle" setting.
  Posição: 605
	at org.postgresql.core.v3.QueryExecutorImpl.receiveErrorResponse(QueryExecutorImpl.java:2497) ~[postgresql-42.2.8.jar:42.2.8]
	at org.postgresql.core.v3.QueryExecutorImpl.processResults(QueryExecutorImpl.java:2233) ~[postgresql-42.2.8.jar:42.2.8]
	at org.postgresql.core.v3.QueryExecutorImpl.execute(QueryExecutorImpl.java:310) ~[postgresql-42.2.8.jar:42.2.8]
	at org.postgresql.jdbc.PgStatement.executeInternal(PgStatement.java:446) ~[postgresql-42.2.8.jar:42.2.8]
	at org.postgresql.jdbc.PgStatement.execute(PgStatement.java:370) ~[postgresql-42.2.8.jar:42.2.8]
	at org.postgresql.jdbc.PgStatement.executeWithFlags(PgStatement.java:311) ~[postgresql-42.2.8.jar:42.2.8]
	at org.postgresql.jdbc.PgStatement.executeCachedSql(PgStatement.java:297) ~[postgresql-42.2.8.jar:42.2.8]
	at org.postgresql.jdbc.PgStatement.executeWithFlags(PgStatement.java:274) ~[postgresql-42.2.8.jar:42.2.8]
	at org.postgresql.jdbc.PgStatement.execute(PgStatement.java:269) ~[postgresql-42.2.8.jar:42.2.8]
	at com.zaxxer.hikari.pool.ProxyStatement.execute(ProxyStatement.java:95) ~[HikariCP-3.2.0.jar:na]
	at com.zaxxer.hikari.pool.HikariProxyStatement.execute(HikariProxyStatement.java) ~[HikariCP-3.2.0.jar:na]
	at org.springframework.jdbc.datasource.init.ScriptUtils.executeSqlScript(ScriptUtils.java:488) ~[spring-jdbc-5.1.9.RELEASE.jar:5.1.9.RELEASE]
	... 32 common frames omitted

]]></system-out>
  </testcase>
  <testcase name="desativarTurmaMustPass" classname="com.flashcursos.model.service.TurmaTests" time="0.322">
    <error message="Failed to execute SQL script statement #1 of class path resource [dataset/usuarios.sql]: INSERT INTO usuario ( id, created, email, tipousuario, disponivel, nome, cpf, nascimento, celular, senha, account_activate_token, account_activate_token_expiration, password_reset_token, password_reset_token_expiration) VALUES ( 1001, now(), &apos;jlenon7@hotmail.com&apos;, 1, false, &apos;João Lenon&apos;, &apos;092.862.989-94&apos;, &apos;12/09/2000&apos;, &apos;(45) 99955-3220&apos;, &apos;$2a$10$bAdAVLvM.k3DqPaPYi0gnO1OffPSHLref8MElAk.u.fFQ17v9YKC2&apos;, &apos;f786c907-032e-451b-ac93-8508dec75a3d&apos;, &apos;2019-12-02&apos;, &apos;f786c907-032e-451b-ac93-8508dec75a3d&apos;, &apos;2019-12-02&apos;), ( 1002, now(), &apos;adryell.silva10@gmail.com&apos;, 2, false, &apos;Adryell Nathann&apos;, &apos;116.506.789-75&apos;, &apos;10/27/2000&apos;, &apos;(45) 99996-4523&apos;, &apos;$2a$10$bAdAVLvM.k3DqPaPYi0gnO1OffPSHLref8MElAk.u.fFQ17v9YKC2&apos;, &apos;f786c907-032e-451b-ac93-8508dec75a3d&apos;, &apos;2019-12-02&apos;, &apos;f786c907-032e-451b-ac93-8508dec75a3d&apos;, &apos;2019-12-02&apos;); nested exception is org.postgresql.util.PSQLException: ERROR: date/time field value out of range: &quot;10/27/2000&quot;&#10;  Dica: Perhaps you need a different &quot;datestyle&quot; setting.&#10;  Posição: 605" type="org.springframework.jdbc.datasource.init.ScriptStatementFailedException">org.springframework.jdbc.datasource.init.ScriptStatementFailedException: 
Failed to execute SQL script statement #1 of class path resource [dataset/usuarios.sql]: INSERT INTO usuario ( id, created, email, tipousuario, disponivel, nome, cpf, nascimento, celular, senha, account_activate_token, account_activate_token_expiration, password_reset_token, password_reset_token_expiration) VALUES ( 1001, now(), 'jlenon7@hotmail.com', 1, false, 'João Lenon', '092.862.989-94', '12/09/2000', '(45) 99955-3220', '$2a$10$bAdAVLvM.k3DqPaPYi0gnO1OffPSHLref8MElAk.u.fFQ17v9YKC2', 'f786c907-032e-451b-ac93-8508dec75a3d', '2019-12-02', 'f786c907-032e-451b-ac93-8508dec75a3d', '2019-12-02'), ( 1002, now(), 'adryell.silva10@gmail.com', 2, false, 'Adryell Nathann', '116.506.789-75', '10/27/2000', '(45) 99996-4523', '$2a$10$bAdAVLvM.k3DqPaPYi0gnO1OffPSHLref8MElAk.u.fFQ17v9YKC2', 'f786c907-032e-451b-ac93-8508dec75a3d', '2019-12-02', 'f786c907-032e-451b-ac93-8508dec75a3d', '2019-12-02'); nested exception is org.postgresql.util.PSQLException: ERROR: date/time field value out of range: "10/27/2000"
  Dica: Perhaps you need a different "datestyle" setting.
  Posição: 605
Caused by: org.postgresql.util.PSQLException: 
ERROR: date/time field value out of range: "10/27/2000"
  Dica: Perhaps you need a different "datestyle" setting.
  Posição: 605
</error>
    <system-out><![CDATA[2019-12-09 22:53:25.096  WARN 7688 --- [           main] o.s.test.context.TestContextManager      : Caught exception while invoking 'beforeTestMethod' callback on TestExecutionListener [org.springframework.test.context.jdbc.SqlScriptsTestExecutionListener@6f926d01] for test method [public void com.flashcursos.model.service.TurmaTests.desativarTurmaMustPass()] and test instance [com.flashcursos.model.service.TurmaTests@15651402]

org.springframework.jdbc.datasource.init.ScriptStatementFailedException: Failed to execute SQL script statement #1 of class path resource [dataset/usuarios.sql]: INSERT INTO usuario ( id, created, email, tipousuario, disponivel, nome, cpf, nascimento, celular, senha, account_activate_token, account_activate_token_expiration, password_reset_token, password_reset_token_expiration) VALUES ( 1001, now(), 'jlenon7@hotmail.com', 1, false, 'João Lenon', '092.862.989-94', '12/09/2000', '(45) 99955-3220', '$2a$10$bAdAVLvM.k3DqPaPYi0gnO1OffPSHLref8MElAk.u.fFQ17v9YKC2', 'f786c907-032e-451b-ac93-8508dec75a3d', '2019-12-02', 'f786c907-032e-451b-ac93-8508dec75a3d', '2019-12-02'), ( 1002, now(), 'adryell.silva10@gmail.com', 2, false, 'Adryell Nathann', '116.506.789-75', '10/27/2000', '(45) 99996-4523', '$2a$10$bAdAVLvM.k3DqPaPYi0gnO1OffPSHLref8MElAk.u.fFQ17v9YKC2', 'f786c907-032e-451b-ac93-8508dec75a3d', '2019-12-02', 'f786c907-032e-451b-ac93-8508dec75a3d', '2019-12-02'); nested exception is org.postgresql.util.PSQLException: ERROR: date/time field value out of range: "10/27/2000"
  Dica: Perhaps you need a different "datestyle" setting.
  Posição: 605
	at org.springframework.jdbc.datasource.init.ScriptUtils.executeSqlScript(ScriptUtils.java:509) ~[spring-jdbc-5.1.9.RELEASE.jar:5.1.9.RELEASE]
	at org.springframework.jdbc.datasource.init.ResourceDatabasePopulator.populate(ResourceDatabasePopulator.java:238) ~[spring-jdbc-5.1.9.RELEASE.jar:5.1.9.RELEASE]
	at org.springframework.jdbc.datasource.init.DatabasePopulatorUtils.execute(DatabasePopulatorUtils.java:48) ~[spring-jdbc-5.1.9.RELEASE.jar:5.1.9.RELEASE]
	at org.springframework.jdbc.datasource.init.ResourceDatabasePopulator.execute(ResourceDatabasePopulator.java:253) ~[spring-jdbc-5.1.9.RELEASE.jar:5.1.9.RELEASE]
	at org.springframework.test.context.jdbc.SqlScriptsTestExecutionListener.lambda$executeSqlScripts$3(SqlScriptsTestExecutionListener.java:229) ~[spring-test-5.1.9.RELEASE.jar:5.1.9.RELEASE]
	at org.springframework.transaction.support.TransactionTemplate.execute(TransactionTemplate.java:140) ~[spring-tx-5.1.9.RELEASE.jar:5.1.9.RELEASE]
	at org.springframework.test.context.jdbc.SqlScriptsTestExecutionListener.executeSqlScripts(SqlScriptsTestExecutionListener.java:228) ~[spring-test-5.1.9.RELEASE.jar:5.1.9.RELEASE]
	at org.springframework.test.context.jdbc.SqlScriptsTestExecutionListener.executeSqlScripts(SqlScriptsTestExecutionListener.java:142) ~[spring-test-5.1.9.RELEASE.jar:5.1.9.RELEASE]
	at org.springframework.test.context.jdbc.SqlScriptsTestExecutionListener.beforeTestMethod(SqlScriptsTestExecutionListener.java:112) ~[spring-test-5.1.9.RELEASE.jar:5.1.9.RELEASE]
	at org.springframework.test.context.TestContextManager.beforeTestMethod(TestContextManager.java:291) ~[spring-test-5.1.9.RELEASE.jar:5.1.9.RELEASE]
	at org.springframework.test.context.junit4.statements.RunBeforeTestMethodCallbacks.evaluate(RunBeforeTestMethodCallbacks.java:74) [spring-test-5.1.9.RELEASE.jar:5.1.9.RELEASE]
	at org.springframework.test.context.junit4.statements.RunAfterTestMethodCallbacks.evaluate(RunAfterTestMethodCallbacks.java:86) [spring-test-5.1.9.RELEASE.jar:5.1.9.RELEASE]
	at org.springframework.test.context.junit4.statements.SpringRepeat.evaluate(SpringRepeat.java:84) [spring-test-5.1.9.RELEASE.jar:5.1.9.RELEASE]
	at org.junit.runners.ParentRunner.runLeaf(ParentRunner.java:325) [junit-4.12.jar:4.12]
	at org.springframework.test.context.junit4.SpringJUnit4ClassRunner.runChild(SpringJUnit4ClassRunner.java:251) [spring-test-5.1.9.RELEASE.jar:5.1.9.RELEASE]
	at org.springframework.test.context.junit4.SpringJUnit4ClassRunner.runChild(SpringJUnit4ClassRunner.java:97) [spring-test-5.1.9.RELEASE.jar:5.1.9.RELEASE]
	at org.junit.runners.ParentRunner$3.run(ParentRunner.java:290) [junit-4.12.jar:4.12]
	at org.junit.runners.ParentRunner$1.schedule(ParentRunner.java:71) [junit-4.12.jar:4.12]
	at org.junit.runners.ParentRunner.runChildren(ParentRunner.java:288) [junit-4.12.jar:4.12]
	at org.junit.runners.ParentRunner.access$000(ParentRunner.java:58) [junit-4.12.jar:4.12]
	at org.junit.runners.ParentRunner$2.evaluate(ParentRunner.java:268) [junit-4.12.jar:4.12]
	at org.springframework.test.context.junit4.statements.RunBeforeTestClassCallbacks.evaluate(RunBeforeTestClassCallbacks.java:61) [spring-test-5.1.9.RELEASE.jar:5.1.9.RELEASE]
	at org.springframework.test.context.junit4.statements.RunAfterTestClassCallbacks.evaluate(RunAfterTestClassCallbacks.java:70) [spring-test-5.1.9.RELEASE.jar:5.1.9.RELEASE]
	at org.junit.runners.ParentRunner.run(ParentRunner.java:363) [junit-4.12.jar:4.12]
	at org.springframework.test.context.junit4.SpringJUnit4ClassRunner.run(SpringJUnit4ClassRunner.java:190) [spring-test-5.1.9.RELEASE.jar:5.1.9.RELEASE]
	at org.apache.maven.surefire.junit4.JUnit4Provider.execute(JUnit4Provider.java:365) [surefire-junit4-2.22.2.jar:2.22.2]
	at org.apache.maven.surefire.junit4.JUnit4Provider.executeWithRerun(JUnit4Provider.java:273) [surefire-junit4-2.22.2.jar:2.22.2]
	at org.apache.maven.surefire.junit4.JUnit4Provider.executeTestSet(JUnit4Provider.java:238) [surefire-junit4-2.22.2.jar:2.22.2]
	at org.apache.maven.surefire.junit4.JUnit4Provider.invoke(JUnit4Provider.java:159) [surefire-junit4-2.22.2.jar:2.22.2]
	at org.apache.maven.surefire.booter.ForkedBooter.invokeProviderInSameClassLoader(ForkedBooter.java:384) [surefire-booter-2.22.2.jar:2.22.2]
	at org.apache.maven.surefire.booter.ForkedBooter.runSuitesInProcess(ForkedBooter.java:345) [surefire-booter-2.22.2.jar:2.22.2]
	at org.apache.maven.surefire.booter.ForkedBooter.execute(ForkedBooter.java:126) [surefire-booter-2.22.2.jar:2.22.2]
	at org.apache.maven.surefire.booter.ForkedBooter.main(ForkedBooter.java:418) [surefire-booter-2.22.2.jar:2.22.2]
Caused by: org.postgresql.util.PSQLException: ERROR: date/time field value out of range: "10/27/2000"
  Dica: Perhaps you need a different "datestyle" setting.
  Posição: 605
	at org.postgresql.core.v3.QueryExecutorImpl.receiveErrorResponse(QueryExecutorImpl.java:2497) ~[postgresql-42.2.8.jar:42.2.8]
	at org.postgresql.core.v3.QueryExecutorImpl.processResults(QueryExecutorImpl.java:2233) ~[postgresql-42.2.8.jar:42.2.8]
	at org.postgresql.core.v3.QueryExecutorImpl.execute(QueryExecutorImpl.java:310) ~[postgresql-42.2.8.jar:42.2.8]
	at org.postgresql.jdbc.PgStatement.executeInternal(PgStatement.java:446) ~[postgresql-42.2.8.jar:42.2.8]
	at org.postgresql.jdbc.PgStatement.execute(PgStatement.java:370) ~[postgresql-42.2.8.jar:42.2.8]
	at org.postgresql.jdbc.PgStatement.executeWithFlags(PgStatement.java:311) ~[postgresql-42.2.8.jar:42.2.8]
	at org.postgresql.jdbc.PgStatement.executeCachedSql(PgStatement.java:297) ~[postgresql-42.2.8.jar:42.2.8]
	at org.postgresql.jdbc.PgStatement.executeWithFlags(PgStatement.java:274) ~[postgresql-42.2.8.jar:42.2.8]
	at org.postgresql.jdbc.PgStatement.execute(PgStatement.java:269) ~[postgresql-42.2.8.jar:42.2.8]
	at com.zaxxer.hikari.pool.ProxyStatement.execute(ProxyStatement.java:95) ~[HikariCP-3.2.0.jar:na]
	at com.zaxxer.hikari.pool.HikariProxyStatement.execute(HikariProxyStatement.java) ~[HikariCP-3.2.0.jar:na]
	at org.springframework.jdbc.datasource.init.ScriptUtils.executeSqlScript(ScriptUtils.java:488) ~[spring-jdbc-5.1.9.RELEASE.jar:5.1.9.RELEASE]
	... 32 common frames omitted

]]></system-out>
  </testcase>
  <testcase name="atualizarTurmaMustPass" classname="com.flashcursos.model.service.TurmaTests" time="0.251">
    <error message="Failed to execute SQL script statement #1 of class path resource [dataset/usuarios.sql]: INSERT INTO usuario ( id, created, email, tipousuario, disponivel, nome, cpf, nascimento, celular, senha, account_activate_token, account_activate_token_expiration, password_reset_token, password_reset_token_expiration) VALUES ( 1001, now(), &apos;jlenon7@hotmail.com&apos;, 1, false, &apos;João Lenon&apos;, &apos;092.862.989-94&apos;, &apos;12/09/2000&apos;, &apos;(45) 99955-3220&apos;, &apos;$2a$10$bAdAVLvM.k3DqPaPYi0gnO1OffPSHLref8MElAk.u.fFQ17v9YKC2&apos;, &apos;f786c907-032e-451b-ac93-8508dec75a3d&apos;, &apos;2019-12-02&apos;, &apos;f786c907-032e-451b-ac93-8508dec75a3d&apos;, &apos;2019-12-02&apos;), ( 1002, now(), &apos;adryell.silva10@gmail.com&apos;, 2, false, &apos;Adryell Nathann&apos;, &apos;116.506.789-75&apos;, &apos;10/27/2000&apos;, &apos;(45) 99996-4523&apos;, &apos;$2a$10$bAdAVLvM.k3DqPaPYi0gnO1OffPSHLref8MElAk.u.fFQ17v9YKC2&apos;, &apos;f786c907-032e-451b-ac93-8508dec75a3d&apos;, &apos;2019-12-02&apos;, &apos;f786c907-032e-451b-ac93-8508dec75a3d&apos;, &apos;2019-12-02&apos;); nested exception is org.postgresql.util.PSQLException: ERROR: date/time field value out of range: &quot;10/27/2000&quot;&#10;  Dica: Perhaps you need a different &quot;datestyle&quot; setting.&#10;  Posição: 605" type="org.springframework.jdbc.datasource.init.ScriptStatementFailedException">org.springframework.jdbc.datasource.init.ScriptStatementFailedException: 
Failed to execute SQL script statement #1 of class path resource [dataset/usuarios.sql]: INSERT INTO usuario ( id, created, email, tipousuario, disponivel, nome, cpf, nascimento, celular, senha, account_activate_token, account_activate_token_expiration, password_reset_token, password_reset_token_expiration) VALUES ( 1001, now(), 'jlenon7@hotmail.com', 1, false, 'João Lenon', '092.862.989-94', '12/09/2000', '(45) 99955-3220', '$2a$10$bAdAVLvM.k3DqPaPYi0gnO1OffPSHLref8MElAk.u.fFQ17v9YKC2', 'f786c907-032e-451b-ac93-8508dec75a3d', '2019-12-02', 'f786c907-032e-451b-ac93-8508dec75a3d', '2019-12-02'), ( 1002, now(), 'adryell.silva10@gmail.com', 2, false, 'Adryell Nathann', '116.506.789-75', '10/27/2000', '(45) 99996-4523', '$2a$10$bAdAVLvM.k3DqPaPYi0gnO1OffPSHLref8MElAk.u.fFQ17v9YKC2', 'f786c907-032e-451b-ac93-8508dec75a3d', '2019-12-02', 'f786c907-032e-451b-ac93-8508dec75a3d', '2019-12-02'); nested exception is org.postgresql.util.PSQLException: ERROR: date/time field value out of range: "10/27/2000"
  Dica: Perhaps you need a different "datestyle" setting.
  Posição: 605
Caused by: org.postgresql.util.PSQLException: 
ERROR: date/time field value out of range: "10/27/2000"
  Dica: Perhaps you need a different "datestyle" setting.
  Posição: 605
</error>
    <system-out><![CDATA[2019-12-09 22:53:25.375  WARN 7688 --- [           main] o.s.test.context.TestContextManager      : Caught exception while invoking 'beforeTestMethod' callback on TestExecutionListener [org.springframework.test.context.jdbc.SqlScriptsTestExecutionListener@6f926d01] for test method [public void com.flashcursos.model.service.TurmaTests.atualizarTurmaMustPass()] and test instance [com.flashcursos.model.service.TurmaTests@66a50c93]

org.springframework.jdbc.datasource.init.ScriptStatementFailedException: Failed to execute SQL script statement #1 of class path resource [dataset/usuarios.sql]: INSERT INTO usuario ( id, created, email, tipousuario, disponivel, nome, cpf, nascimento, celular, senha, account_activate_token, account_activate_token_expiration, password_reset_token, password_reset_token_expiration) VALUES ( 1001, now(), 'jlenon7@hotmail.com', 1, false, 'João Lenon', '092.862.989-94', '12/09/2000', '(45) 99955-3220', '$2a$10$bAdAVLvM.k3DqPaPYi0gnO1OffPSHLref8MElAk.u.fFQ17v9YKC2', 'f786c907-032e-451b-ac93-8508dec75a3d', '2019-12-02', 'f786c907-032e-451b-ac93-8508dec75a3d', '2019-12-02'), ( 1002, now(), 'adryell.silva10@gmail.com', 2, false, 'Adryell Nathann', '116.506.789-75', '10/27/2000', '(45) 99996-4523', '$2a$10$bAdAVLvM.k3DqPaPYi0gnO1OffPSHLref8MElAk.u.fFQ17v9YKC2', 'f786c907-032e-451b-ac93-8508dec75a3d', '2019-12-02', 'f786c907-032e-451b-ac93-8508dec75a3d', '2019-12-02'); nested exception is org.postgresql.util.PSQLException: ERROR: date/time field value out of range: "10/27/2000"
  Dica: Perhaps you need a different "datestyle" setting.
  Posição: 605
	at org.springframework.jdbc.datasource.init.ScriptUtils.executeSqlScript(ScriptUtils.java:509) ~[spring-jdbc-5.1.9.RELEASE.jar:5.1.9.RELEASE]
	at org.springframework.jdbc.datasource.init.ResourceDatabasePopulator.populate(ResourceDatabasePopulator.java:238) ~[spring-jdbc-5.1.9.RELEASE.jar:5.1.9.RELEASE]
	at org.springframework.jdbc.datasource.init.DatabasePopulatorUtils.execute(DatabasePopulatorUtils.java:48) ~[spring-jdbc-5.1.9.RELEASE.jar:5.1.9.RELEASE]
	at org.springframework.jdbc.datasource.init.ResourceDatabasePopulator.execute(ResourceDatabasePopulator.java:253) ~[spring-jdbc-5.1.9.RELEASE.jar:5.1.9.RELEASE]
	at org.springframework.test.context.jdbc.SqlScriptsTestExecutionListener.lambda$executeSqlScripts$3(SqlScriptsTestExecutionListener.java:229) ~[spring-test-5.1.9.RELEASE.jar:5.1.9.RELEASE]
	at org.springframework.transaction.support.TransactionTemplate.execute(TransactionTemplate.java:140) ~[spring-tx-5.1.9.RELEASE.jar:5.1.9.RELEASE]
	at org.springframework.test.context.jdbc.SqlScriptsTestExecutionListener.executeSqlScripts(SqlScriptsTestExecutionListener.java:228) ~[spring-test-5.1.9.RELEASE.jar:5.1.9.RELEASE]
	at org.springframework.test.context.jdbc.SqlScriptsTestExecutionListener.executeSqlScripts(SqlScriptsTestExecutionListener.java:142) ~[spring-test-5.1.9.RELEASE.jar:5.1.9.RELEASE]
	at org.springframework.test.context.jdbc.SqlScriptsTestExecutionListener.beforeTestMethod(SqlScriptsTestExecutionListener.java:112) ~[spring-test-5.1.9.RELEASE.jar:5.1.9.RELEASE]
	at org.springframework.test.context.TestContextManager.beforeTestMethod(TestContextManager.java:291) ~[spring-test-5.1.9.RELEASE.jar:5.1.9.RELEASE]
	at org.springframework.test.context.junit4.statements.RunBeforeTestMethodCallbacks.evaluate(RunBeforeTestMethodCallbacks.java:74) [spring-test-5.1.9.RELEASE.jar:5.1.9.RELEASE]
	at org.springframework.test.context.junit4.statements.RunAfterTestMethodCallbacks.evaluate(RunAfterTestMethodCallbacks.java:86) [spring-test-5.1.9.RELEASE.jar:5.1.9.RELEASE]
	at org.springframework.test.context.junit4.statements.SpringRepeat.evaluate(SpringRepeat.java:84) [spring-test-5.1.9.RELEASE.jar:5.1.9.RELEASE]
	at org.junit.runners.ParentRunner.runLeaf(ParentRunner.java:325) [junit-4.12.jar:4.12]
	at org.springframework.test.context.junit4.SpringJUnit4ClassRunner.runChild(SpringJUnit4ClassRunner.java:251) [spring-test-5.1.9.RELEASE.jar:5.1.9.RELEASE]
	at org.springframework.test.context.junit4.SpringJUnit4ClassRunner.runChild(SpringJUnit4ClassRunner.java:97) [spring-test-5.1.9.RELEASE.jar:5.1.9.RELEASE]
	at org.junit.runners.ParentRunner$3.run(ParentRunner.java:290) [junit-4.12.jar:4.12]
	at org.junit.runners.ParentRunner$1.schedule(ParentRunner.java:71) [junit-4.12.jar:4.12]
	at org.junit.runners.ParentRunner.runChildren(ParentRunner.java:288) [junit-4.12.jar:4.12]
	at org.junit.runners.ParentRunner.access$000(ParentRunner.java:58) [junit-4.12.jar:4.12]
	at org.junit.runners.ParentRunner$2.evaluate(ParentRunner.java:268) [junit-4.12.jar:4.12]
	at org.springframework.test.context.junit4.statements.RunBeforeTestClassCallbacks.evaluate(RunBeforeTestClassCallbacks.java:61) [spring-test-5.1.9.RELEASE.jar:5.1.9.RELEASE]
	at org.springframework.test.context.junit4.statements.RunAfterTestClassCallbacks.evaluate(RunAfterTestClassCallbacks.java:70) [spring-test-5.1.9.RELEASE.jar:5.1.9.RELEASE]
	at org.junit.runners.ParentRunner.run(ParentRunner.java:363) [junit-4.12.jar:4.12]
	at org.springframework.test.context.junit4.SpringJUnit4ClassRunner.run(SpringJUnit4ClassRunner.java:190) [spring-test-5.1.9.RELEASE.jar:5.1.9.RELEASE]
	at org.apache.maven.surefire.junit4.JUnit4Provider.execute(JUnit4Provider.java:365) [surefire-junit4-2.22.2.jar:2.22.2]
	at org.apache.maven.surefire.junit4.JUnit4Provider.executeWithRerun(JUnit4Provider.java:273) [surefire-junit4-2.22.2.jar:2.22.2]
	at org.apache.maven.surefire.junit4.JUnit4Provider.executeTestSet(JUnit4Provider.java:238) [surefire-junit4-2.22.2.jar:2.22.2]
	at org.apache.maven.surefire.junit4.JUnit4Provider.invoke(JUnit4Provider.java:159) [surefire-junit4-2.22.2.jar:2.22.2]
	at org.apache.maven.surefire.booter.ForkedBooter.invokeProviderInSameClassLoader(ForkedBooter.java:384) [surefire-booter-2.22.2.jar:2.22.2]
	at org.apache.maven.surefire.booter.ForkedBooter.runSuitesInProcess(ForkedBooter.java:345) [surefire-booter-2.22.2.jar:2.22.2]
	at org.apache.maven.surefire.booter.ForkedBooter.execute(ForkedBooter.java:126) [surefire-booter-2.22.2.jar:2.22.2]
	at org.apache.maven.surefire.booter.ForkedBooter.main(ForkedBooter.java:418) [surefire-booter-2.22.2.jar:2.22.2]
Caused by: org.postgresql.util.PSQLException: ERROR: date/time field value out of range: "10/27/2000"
  Dica: Perhaps you need a different "datestyle" setting.
  Posição: 605
	at org.postgresql.core.v3.QueryExecutorImpl.receiveErrorResponse(QueryExecutorImpl.java:2497) ~[postgresql-42.2.8.jar:42.2.8]
	at org.postgresql.core.v3.QueryExecutorImpl.processResults(QueryExecutorImpl.java:2233) ~[postgresql-42.2.8.jar:42.2.8]
	at org.postgresql.core.v3.QueryExecutorImpl.execute(QueryExecutorImpl.java:310) ~[postgresql-42.2.8.jar:42.2.8]
	at org.postgresql.jdbc.PgStatement.executeInternal(PgStatement.java:446) ~[postgresql-42.2.8.jar:42.2.8]
	at org.postgresql.jdbc.PgStatement.execute(PgStatement.java:370) ~[postgresql-42.2.8.jar:42.2.8]
	at org.postgresql.jdbc.PgStatement.executeWithFlags(PgStatement.java:311) ~[postgresql-42.2.8.jar:42.2.8]
	at org.postgresql.jdbc.PgStatement.executeCachedSql(PgStatement.java:297) ~[postgresql-42.2.8.jar:42.2.8]
	at org.postgresql.jdbc.PgStatement.executeWithFlags(PgStatement.java:274) ~[postgresql-42.2.8.jar:42.2.8]
	at org.postgresql.jdbc.PgStatement.execute(PgStatement.java:269) ~[postgresql-42.2.8.jar:42.2.8]
	at com.zaxxer.hikari.pool.ProxyStatement.execute(ProxyStatement.java:95) ~[HikariCP-3.2.0.jar:na]
	at com.zaxxer.hikari.pool.HikariProxyStatement.execute(HikariProxyStatement.java) ~[HikariCP-3.2.0.jar:na]
	at org.springframework.jdbc.datasource.init.ScriptUtils.executeSqlScript(ScriptUtils.java:488) ~[spring-jdbc-5.1.9.RELEASE.jar:5.1.9.RELEASE]
	... 32 common frames omitted

]]></system-out>
  </testcase>
  <testcase name="removerTurmaMustPass" classname="com.flashcursos.model.service.TurmaTests" time="0.3">
    <error message="Failed to execute SQL script statement #1 of class path resource [dataset/usuarios.sql]: INSERT INTO usuario ( id, created, email, tipousuario, disponivel, nome, cpf, nascimento, celular, senha, account_activate_token, account_activate_token_expiration, password_reset_token, password_reset_token_expiration) VALUES ( 1001, now(), &apos;jlenon7@hotmail.com&apos;, 1, false, &apos;João Lenon&apos;, &apos;092.862.989-94&apos;, &apos;12/09/2000&apos;, &apos;(45) 99955-3220&apos;, &apos;$2a$10$bAdAVLvM.k3DqPaPYi0gnO1OffPSHLref8MElAk.u.fFQ17v9YKC2&apos;, &apos;f786c907-032e-451b-ac93-8508dec75a3d&apos;, &apos;2019-12-02&apos;, &apos;f786c907-032e-451b-ac93-8508dec75a3d&apos;, &apos;2019-12-02&apos;), ( 1002, now(), &apos;adryell.silva10@gmail.com&apos;, 2, false, &apos;Adryell Nathann&apos;, &apos;116.506.789-75&apos;, &apos;10/27/2000&apos;, &apos;(45) 99996-4523&apos;, &apos;$2a$10$bAdAVLvM.k3DqPaPYi0gnO1OffPSHLref8MElAk.u.fFQ17v9YKC2&apos;, &apos;f786c907-032e-451b-ac93-8508dec75a3d&apos;, &apos;2019-12-02&apos;, &apos;f786c907-032e-451b-ac93-8508dec75a3d&apos;, &apos;2019-12-02&apos;); nested exception is org.postgresql.util.PSQLException: ERROR: date/time field value out of range: &quot;10/27/2000&quot;&#10;  Dica: Perhaps you need a different &quot;datestyle&quot; setting.&#10;  Posição: 605" type="org.springframework.jdbc.datasource.init.ScriptStatementFailedException">org.springframework.jdbc.datasource.init.ScriptStatementFailedException: 
Failed to execute SQL script statement #1 of class path resource [dataset/usuarios.sql]: INSERT INTO usuario ( id, created, email, tipousuario, disponivel, nome, cpf, nascimento, celular, senha, account_activate_token, account_activate_token_expiration, password_reset_token, password_reset_token_expiration) VALUES ( 1001, now(), 'jlenon7@hotmail.com', 1, false, 'João Lenon', '092.862.989-94', '12/09/2000', '(45) 99955-3220', '$2a$10$bAdAVLvM.k3DqPaPYi0gnO1OffPSHLref8MElAk.u.fFQ17v9YKC2', 'f786c907-032e-451b-ac93-8508dec75a3d', '2019-12-02', 'f786c907-032e-451b-ac93-8508dec75a3d', '2019-12-02'), ( 1002, now(), 'adryell.silva10@gmail.com', 2, false, 'Adryell Nathann', '116.506.789-75', '10/27/2000', '(45) 99996-4523', '$2a$10$bAdAVLvM.k3DqPaPYi0gnO1OffPSHLref8MElAk.u.fFQ17v9YKC2', 'f786c907-032e-451b-ac93-8508dec75a3d', '2019-12-02', 'f786c907-032e-451b-ac93-8508dec75a3d', '2019-12-02'); nested exception is org.postgresql.util.PSQLException: ERROR: date/time field value out of range: "10/27/2000"
  Dica: Perhaps you need a different "datestyle" setting.
  Posição: 605
Caused by: org.postgresql.util.PSQLException: 
ERROR: date/time field value out of range: "10/27/2000"
  Dica: Perhaps you need a different "datestyle" setting.
  Posição: 605
</error>
    <system-out><![CDATA[2019-12-09 22:53:25.660  WARN 7688 --- [           main] o.s.test.context.TestContextManager      : Caught exception while invoking 'beforeTestMethod' callback on TestExecutionListener [org.springframework.test.context.jdbc.SqlScriptsTestExecutionListener@6f926d01] for test method [public void com.flashcursos.model.service.TurmaTests.removerTurmaMustPass()] and test instance [com.flashcursos.model.service.TurmaTests@475eb4fd]

org.springframework.jdbc.datasource.init.ScriptStatementFailedException: Failed to execute SQL script statement #1 of class path resource [dataset/usuarios.sql]: INSERT INTO usuario ( id, created, email, tipousuario, disponivel, nome, cpf, nascimento, celular, senha, account_activate_token, account_activate_token_expiration, password_reset_token, password_reset_token_expiration) VALUES ( 1001, now(), 'jlenon7@hotmail.com', 1, false, 'João Lenon', '092.862.989-94', '12/09/2000', '(45) 99955-3220', '$2a$10$bAdAVLvM.k3DqPaPYi0gnO1OffPSHLref8MElAk.u.fFQ17v9YKC2', 'f786c907-032e-451b-ac93-8508dec75a3d', '2019-12-02', 'f786c907-032e-451b-ac93-8508dec75a3d', '2019-12-02'), ( 1002, now(), 'adryell.silva10@gmail.com', 2, false, 'Adryell Nathann', '116.506.789-75', '10/27/2000', '(45) 99996-4523', '$2a$10$bAdAVLvM.k3DqPaPYi0gnO1OffPSHLref8MElAk.u.fFQ17v9YKC2', 'f786c907-032e-451b-ac93-8508dec75a3d', '2019-12-02', 'f786c907-032e-451b-ac93-8508dec75a3d', '2019-12-02'); nested exception is org.postgresql.util.PSQLException: ERROR: date/time field value out of range: "10/27/2000"
  Dica: Perhaps you need a different "datestyle" setting.
  Posição: 605
	at org.springframework.jdbc.datasource.init.ScriptUtils.executeSqlScript(ScriptUtils.java:509) ~[spring-jdbc-5.1.9.RELEASE.jar:5.1.9.RELEASE]
	at org.springframework.jdbc.datasource.init.ResourceDatabasePopulator.populate(ResourceDatabasePopulator.java:238) ~[spring-jdbc-5.1.9.RELEASE.jar:5.1.9.RELEASE]
	at org.springframework.jdbc.datasource.init.DatabasePopulatorUtils.execute(DatabasePopulatorUtils.java:48) ~[spring-jdbc-5.1.9.RELEASE.jar:5.1.9.RELEASE]
	at org.springframework.jdbc.datasource.init.ResourceDatabasePopulator.execute(ResourceDatabasePopulator.java:253) ~[spring-jdbc-5.1.9.RELEASE.jar:5.1.9.RELEASE]
	at org.springframework.test.context.jdbc.SqlScriptsTestExecutionListener.lambda$executeSqlScripts$3(SqlScriptsTestExecutionListener.java:229) ~[spring-test-5.1.9.RELEASE.jar:5.1.9.RELEASE]
	at org.springframework.transaction.support.TransactionTemplate.execute(TransactionTemplate.java:140) ~[spring-tx-5.1.9.RELEASE.jar:5.1.9.RELEASE]
	at org.springframework.test.context.jdbc.SqlScriptsTestExecutionListener.executeSqlScripts(SqlScriptsTestExecutionListener.java:228) ~[spring-test-5.1.9.RELEASE.jar:5.1.9.RELEASE]
	at org.springframework.test.context.jdbc.SqlScriptsTestExecutionListener.executeSqlScripts(SqlScriptsTestExecutionListener.java:142) ~[spring-test-5.1.9.RELEASE.jar:5.1.9.RELEASE]
	at org.springframework.test.context.jdbc.SqlScriptsTestExecutionListener.beforeTestMethod(SqlScriptsTestExecutionListener.java:112) ~[spring-test-5.1.9.RELEASE.jar:5.1.9.RELEASE]
	at org.springframework.test.context.TestContextManager.beforeTestMethod(TestContextManager.java:291) ~[spring-test-5.1.9.RELEASE.jar:5.1.9.RELEASE]
	at org.springframework.test.context.junit4.statements.RunBeforeTestMethodCallbacks.evaluate(RunBeforeTestMethodCallbacks.java:74) [spring-test-5.1.9.RELEASE.jar:5.1.9.RELEASE]
	at org.springframework.test.context.junit4.statements.RunAfterTestMethodCallbacks.evaluate(RunAfterTestMethodCallbacks.java:86) [spring-test-5.1.9.RELEASE.jar:5.1.9.RELEASE]
	at org.springframework.test.context.junit4.statements.SpringRepeat.evaluate(SpringRepeat.java:84) [spring-test-5.1.9.RELEASE.jar:5.1.9.RELEASE]
	at org.junit.runners.ParentRunner.runLeaf(ParentRunner.java:325) [junit-4.12.jar:4.12]
	at org.springframework.test.context.junit4.SpringJUnit4ClassRunner.runChild(SpringJUnit4ClassRunner.java:251) [spring-test-5.1.9.RELEASE.jar:5.1.9.RELEASE]
	at org.springframework.test.context.junit4.SpringJUnit4ClassRunner.runChild(SpringJUnit4ClassRunner.java:97) [spring-test-5.1.9.RELEASE.jar:5.1.9.RELEASE]
	at org.junit.runners.ParentRunner$3.run(ParentRunner.java:290) [junit-4.12.jar:4.12]
	at org.junit.runners.ParentRunner$1.schedule(ParentRunner.java:71) [junit-4.12.jar:4.12]
	at org.junit.runners.ParentRunner.runChildren(ParentRunner.java:288) [junit-4.12.jar:4.12]
	at org.junit.runners.ParentRunner.access$000(ParentRunner.java:58) [junit-4.12.jar:4.12]
	at org.junit.runners.ParentRunner$2.evaluate(ParentRunner.java:268) [junit-4.12.jar:4.12]
	at org.springframework.test.context.junit4.statements.RunBeforeTestClassCallbacks.evaluate(RunBeforeTestClassCallbacks.java:61) [spring-test-5.1.9.RELEASE.jar:5.1.9.RELEASE]
	at org.springframework.test.context.junit4.statements.RunAfterTestClassCallbacks.evaluate(RunAfterTestClassCallbacks.java:70) [spring-test-5.1.9.RELEASE.jar:5.1.9.RELEASE]
	at org.junit.runners.ParentRunner.run(ParentRunner.java:363) [junit-4.12.jar:4.12]
	at org.springframework.test.context.junit4.SpringJUnit4ClassRunner.run(SpringJUnit4ClassRunner.java:190) [spring-test-5.1.9.RELEASE.jar:5.1.9.RELEASE]
	at org.apache.maven.surefire.junit4.JUnit4Provider.execute(JUnit4Provider.java:365) [surefire-junit4-2.22.2.jar:2.22.2]
	at org.apache.maven.surefire.junit4.JUnit4Provider.executeWithRerun(JUnit4Provider.java:273) [surefire-junit4-2.22.2.jar:2.22.2]
	at org.apache.maven.surefire.junit4.JUnit4Provider.executeTestSet(JUnit4Provider.java:238) [surefire-junit4-2.22.2.jar:2.22.2]
	at org.apache.maven.surefire.junit4.JUnit4Provider.invoke(JUnit4Provider.java:159) [surefire-junit4-2.22.2.jar:2.22.2]
	at org.apache.maven.surefire.booter.ForkedBooter.invokeProviderInSameClassLoader(ForkedBooter.java:384) [surefire-booter-2.22.2.jar:2.22.2]
	at org.apache.maven.surefire.booter.ForkedBooter.runSuitesInProcess(ForkedBooter.java:345) [surefire-booter-2.22.2.jar:2.22.2]
	at org.apache.maven.surefire.booter.ForkedBooter.execute(ForkedBooter.java:126) [surefire-booter-2.22.2.jar:2.22.2]
	at org.apache.maven.surefire.booter.ForkedBooter.main(ForkedBooter.java:418) [surefire-booter-2.22.2.jar:2.22.2]
Caused by: org.postgresql.util.PSQLException: ERROR: date/time field value out of range: "10/27/2000"
  Dica: Perhaps you need a different "datestyle" setting.
  Posição: 605
	at org.postgresql.core.v3.QueryExecutorImpl.receiveErrorResponse(QueryExecutorImpl.java:2497) ~[postgresql-42.2.8.jar:42.2.8]
	at org.postgresql.core.v3.QueryExecutorImpl.processResults(QueryExecutorImpl.java:2233) ~[postgresql-42.2.8.jar:42.2.8]
	at org.postgresql.core.v3.QueryExecutorImpl.execute(QueryExecutorImpl.java:310) ~[postgresql-42.2.8.jar:42.2.8]
	at org.postgresql.jdbc.PgStatement.executeInternal(PgStatement.java:446) ~[postgresql-42.2.8.jar:42.2.8]
	at org.postgresql.jdbc.PgStatement.execute(PgStatement.java:370) ~[postgresql-42.2.8.jar:42.2.8]
	at org.postgresql.jdbc.PgStatement.executeWithFlags(PgStatement.java:311) ~[postgresql-42.2.8.jar:42.2.8]
	at org.postgresql.jdbc.PgStatement.executeCachedSql(PgStatement.java:297) ~[postgresql-42.2.8.jar:42.2.8]
	at org.postgresql.jdbc.PgStatement.executeWithFlags(PgStatement.java:274) ~[postgresql-42.2.8.jar:42.2.8]
	at org.postgresql.jdbc.PgStatement.execute(PgStatement.java:269) ~[postgresql-42.2.8.jar:42.2.8]
	at com.zaxxer.hikari.pool.ProxyStatement.execute(ProxyStatement.java:95) ~[HikariCP-3.2.0.jar:na]
	at com.zaxxer.hikari.pool.HikariProxyStatement.execute(HikariProxyStatement.java) ~[HikariCP-3.2.0.jar:na]
	at org.springframework.jdbc.datasource.init.ScriptUtils.executeSqlScript(ScriptUtils.java:488) ~[spring-jdbc-5.1.9.RELEASE.jar:5.1.9.RELEASE]
	... 32 common frames omitted

]]></system-out>
  </testcase>
</testsuite>