<?xml version="1.0" encoding="UTF-8"?>
<testsuite xmlns:xsi="http://www.w3.org/2001/XMLSchema-instance" xsi:noNamespaceSchemaLocation="https://maven.apache.org/surefire/maven-surefire-plugin/xsd/surefire-test-report.xsd" name="com.flashcursos.model.service.AlunoTests" time="38.311" tests="15" errors="15" skipped="0" failures="0">
  <properties>
[...]
</properties>
  <testcase name="desativarAlunoMustPass" classname="com.flashcursos.model.service.AlunoTests" time="1.123">
    <error message="Failed to execute SQL script statement #1 of class path resource [dataset/usuarios.sql]: INSERT INTO usuario ( id, created, email, tipousuario, disponivel, nome, cpf, nascimento, celular, senha, account_activate_token, account_activate_token_expiration, password_reset_token, password_reset_token_expiration) VALUES ( 1001, now(), &apos;jlenon7@hotmail.com&apos;, 1, false, &apos;João Lenon&apos;, &apos;092.862.989-94&apos;, &apos;12/09/2000&apos;, &apos;(45) 99955-3220&apos;, &apos;$2a$10$bAdAVLvM.k3DqPaPYi0gnO1OffPSHLref8MElAk.u.fFQ17v9YKC2&apos;, &apos;f786c907-032e-451b-ac93-8508dec75a3d&apos;, &apos;2019-12-02&apos;, &apos;f786c907-032e-451b-ac93-8508dec75a3d&apos;, &apos;2019-12-02&apos;), ( 1002, now(), &apos;adryell.silva10@gmail.com&apos;, 2, false, &apos;Adryell Nathann&apos;, &apos;116.506.789-75&apos;, &apos;10/27/2000&apos;, &apos;(45) 99996-4523&apos;, &apos;$2a$10$bAdAVLvM.k3DqPaPYi0gnO1OffPSHLref8MElAk.u.fFQ17v9YKC2&apos;, &apos;f786c907-032e-451b-ac93-8508dec75a3d&apos;, &apos;2019-12-02&apos;, &apos;f786c907-032e-451b-ac93-8508dec75a3d&apos;, &apos;2019-12-02&apos;); nested exception is org.postgresql.util.PSQLException: ERROR: date/time field value out of range: &quot;10/27/2000&quot;&#10;  Dica: Perhaps you need a different &quot;datestyle&quot; setting.&#10;  Posição: 605" type="org.springframework.jdbc.datasource.init.ScriptStatementFailedException">org.springframework.jdbc.datasource.init.ScriptStatementFailedException: 
Failed to execute SQL script statement #1 of class path resource [dataset/usuarios.sql]: INSERT INTO usuario ( id, created, email, tipousuario, disponivel, nome, cpf, nascimento, celular, senha, account_activate_token, account_activate_token_expiration, password_reset_token, password_reset_token_expiration) VALUES ( 1001, now(), 'jlenon7@hotmail.com', 1, false, 'João Lenon', '092.862.989-94', '12/09/2000', '(45) 99955-3220', '$2a$10$bAdAVLvM.k3DqPaPYi0gnO1OffPSHLref8MElAk.u.fFQ17v9YKC2', 'f786c907-032e-451b-ac93-8508dec75a3d', '2019-12-02', 'f786c907-032e-451b-ac93-8508dec75a3d', '2019-12-02'), ( 1002, now(), 'adryell.silva10@gmail.com', 2, false, 'Adryell Nathann', '116.506.789-75', '10/27/2000', '(45) 99996-4523', '$2a$10$bAdAVLvM.k3DqPaPYi0gnO1OffPSHLref8MElAk.u.fFQ17v9YKC2', 'f786c907-032e-451b-ac93-8508dec75a3d', '2019-12-02', 'f786c907-032e-451b-ac93-8508dec75a3d', '2019-12-02'); nested exception is org.postgresql.util.PSQLException: ERROR: date/time field value out of range: "10/27/2000"
  Dica: Perhaps you need a different "datestyle" setting.
  Posição: 605
Caused by: org.postgresql.util.PSQLException: 
ERROR: date/time field value out of range: "10/27/2000"
  Dica: Perhaps you need a different "datestyle" setting.
  Posição: 605
</error>
    <system-out><![CDATA[22:52:34.542 [main] DEBUG org.springframework.test.context.junit4.SpringJUnit4ClassRunner - SpringJUnit4ClassRunner constructor called with [class com.flashcursos.model.service.AlunoTests]
22:52:34.558 [main] DEBUG org.springframework.test.context.BootstrapUtils - Instantiating CacheAwareContextLoaderDelegate from class [org.springframework.test.context.cache.DefaultCacheAwareContextLoaderDelegate]
22:52:34.574 [main] DEBUG org.springframework.test.context.BootstrapUtils - Instantiating BootstrapContext using constructor [public org.springframework.test.context.support.DefaultBootstrapContext(java.lang.Class,org.springframework.test.context.CacheAwareContextLoaderDelegate)]
22:52:34.658 [main] DEBUG org.springframework.test.context.BootstrapUtils - Instantiating TestContextBootstrapper for test class [com.flashcursos.model.service.AlunoTests] from class [org.springframework.boot.test.context.SpringBootTestContextBootstrapper]
22:52:34.705 [main] INFO org.springframework.boot.test.context.SpringBootTestContextBootstrapper - Neither @ContextConfiguration nor @ContextHierarchy found for test class [com.flashcursos.model.service.AlunoTests], using SpringBootContextLoader
22:52:34.721 [main] DEBUG org.springframework.test.context.support.AbstractContextLoader - Did not detect default resource location for test class [com.flashcursos.model.service.AlunoTests]: class path resource [com/flashcursos/model/service/AlunoTests-context.xml] does not exist
22:52:34.736 [main] DEBUG org.springframework.test.context.support.AbstractContextLoader - Did not detect default resource location for test class [com.flashcursos.model.service.AlunoTests]: class path resource [com/flashcursos/model/service/AlunoTestsContext.groovy] does not exist
22:52:34.736 [main] INFO org.springframework.test.context.support.AbstractContextLoader - Could not detect default resource locations for test class [com.flashcursos.model.service.AlunoTests]: no resource found for suffixes {-context.xml, Context.groovy}.
22:52:35.368 [main] DEBUG org.springframework.boot.test.context.SpringBootTestContextBootstrapper - @TestExecutionListeners is not present for class [com.flashcursos.model.service.AlunoTests]: using defaults.
22:52:35.372 [main] INFO org.springframework.boot.test.context.SpringBootTestContextBootstrapper - Loaded default TestExecutionListener class names from location [META-INF/spring.factories]: [org.springframework.boot.test.mock.mockito.MockitoTestExecutionListener, org.springframework.boot.test.mock.mockito.ResetMocksTestExecutionListener, org.springframework.boot.test.autoconfigure.restdocs.RestDocsTestExecutionListener, org.springframework.boot.test.autoconfigure.web.client.MockRestServiceServerResetTestExecutionListener, org.springframework.boot.test.autoconfigure.web.servlet.MockMvcPrintOnlyOnFailureTestExecutionListener, org.springframework.boot.test.autoconfigure.web.servlet.WebDriverTestExecutionListener, org.springframework.test.context.web.ServletTestExecutionListener, org.springframework.test.context.support.DirtiesContextBeforeModesTestExecutionListener, org.springframework.test.context.support.DependencyInjectionTestExecutionListener, org.springframework.test.context.support.DirtiesContextTestExecutionListener, org.springframework.test.context.transaction.TransactionalTestExecutionListener, org.springframework.test.context.jdbc.SqlScriptsTestExecutionListener, org.springframework.security.test.context.support.WithSecurityContextTestExecutionListener, org.springframework.security.test.context.support.ReactorContextTestExecutionListener]
22:52:35.450 [main] INFO org.springframework.boot.test.context.SpringBootTestContextBootstrapper - Using TestExecutionListeners: [org.springframework.test.context.web.ServletTestExecutionListener@436813f3, org.springframework.test.context.support.DirtiesContextBeforeModesTestExecutionListener@74fe5c40, org.springframework.boot.test.mock.mockito.MockitoTestExecutionListener@3febb011, org.springframework.boot.test.autoconfigure.SpringBootDependencyInjectionTestExecutionListener@10e31a9a, org.springframework.test.context.support.DirtiesContextTestExecutionListener@131774fe, org.springframework.test.context.transaction.TransactionalTestExecutionListener@158d2680, org.springframework.test.context.jdbc.SqlScriptsTestExecutionListener@77847718, org.springframework.security.test.context.support.WithSecurityContextTestExecutionListener@7f3b84b8, org.springframework.security.test.context.support.ReactorContextTestExecutionListener@57a3af25, org.springframework.boot.test.mock.mockito.ResetMocksTestExecutionListener@2b662a77, org.springframework.boot.test.autoconfigure.restdocs.RestDocsTestExecutionListener@7f0eb4b4, org.springframework.boot.test.autoconfigure.web.client.MockRestServiceServerResetTestExecutionListener@5c33f1a9, org.springframework.boot.test.autoconfigure.web.servlet.MockMvcPrintOnlyOnFailureTestExecutionListener@1623b78d, org.springframework.boot.test.autoconfigure.web.servlet.WebDriverTestExecutionListener@c8c12ac]
22:52:35.461 [main] DEBUG org.springframework.test.annotation.ProfileValueUtils - Retrieved @ProfileValueSourceConfiguration [null] for test class [com.flashcursos.model.service.AlunoTests]
22:52:35.461 [main] DEBUG org.springframework.test.annotation.ProfileValueUtils - Retrieved ProfileValueSource type [class org.springframework.test.annotation.SystemProfileValueSource] for class [com.flashcursos.model.service.AlunoTests]
22:52:35.471 [main] DEBUG org.springframework.test.annotation.ProfileValueUtils - Retrieved @ProfileValueSourceConfiguration [null] for test class [com.flashcursos.model.service.AlunoTests]
22:52:35.471 [main] DEBUG org.springframework.test.annotation.ProfileValueUtils - Retrieved ProfileValueSource type [class org.springframework.test.annotation.SystemProfileValueSource] for class [com.flashcursos.model.service.AlunoTests]
22:52:35.471 [main] DEBUG org.springframework.test.annotation.ProfileValueUtils - Retrieved @ProfileValueSourceConfiguration [null] for test class [com.flashcursos.model.service.AlunoTests]
22:52:35.471 [main] DEBUG org.springframework.test.annotation.ProfileValueUtils - Retrieved ProfileValueSource type [class org.springframework.test.annotation.SystemProfileValueSource] for class [com.flashcursos.model.service.AlunoTests]
22:52:35.489 [main] DEBUG org.springframework.test.context.support.AbstractDirtiesContextTestExecutionListener - Before test class: context [DefaultTestContext@351d00c0 testClass = AlunoTests, testInstance = [null], testMethod = [null], testException = [null], mergedContextConfiguration = [WebMergedContextConfiguration@2a3b5b47 testClass = AlunoTests, locations = '{}', classes = '{class com.flashcursos.TestApplication, class com.flashcursos.SpringWebivApplication, class com.flashcursos.TestApplication, class com.flashcursos.SpringWebivApplication}', contextInitializerClasses = '[]', activeProfiles = '{test}', propertySourceLocations = '{}', propertySourceProperties = '{org.springframework.boot.test.context.SpringBootTestContextBootstrapper=true}', contextCustomizers = set[org.springframework.boot.test.context.filter.ExcludeFilterContextCustomizer@b3d7190, org.springframework.boot.test.json.DuplicateJsonObjectContextCustomizerFactory$DuplicateJsonObjectContextCustomizer@fe18270, org.springframework.boot.test.mock.mockito.MockitoContextCustomizer@0, org.springframework.boot.test.web.client.TestRestTemplateContextCustomizer@5fcd892a, org.springframework.boot.test.autoconfigure.properties.PropertyMappingContextCustomizer@0, org.springframework.boot.test.autoconfigure.web.servlet.WebDriverContextCustomizerFactory$Customizer@1ad282e0], resourceBasePath = 'src/main/webapp', contextLoader = 'org.springframework.boot.test.context.SpringBootContextLoader', parent = [null]], attributes = map['org.springframework.test.context.web.ServletTestExecutionListener.activateListener' -> true]], class annotated with @DirtiesContext [false] with mode [null].
22:52:35.499 [main] DEBUG org.springframework.test.annotation.ProfileValueUtils - Retrieved @ProfileValueSourceConfiguration [null] for test class [com.flashcursos.model.service.AlunoTests]
22:52:35.499 [main] DEBUG org.springframework.test.annotation.ProfileValueUtils - Retrieved ProfileValueSource type [class org.springframework.test.annotation.SystemProfileValueSource] for class [com.flashcursos.model.service.AlunoTests]
22:52:35.612 [main] DEBUG org.springframework.test.context.support.TestPropertySourceUtils - Adding inlined properties to environment: {spring.jmx.enabled=false, org.springframework.boot.test.context.SpringBootTestContextBootstrapper=true, server.port=-1}

  .   ____          _            __ _ _
 /\\ / ___'_ __ _ _(_)_ __  __ _ \ \ \ \
( ( )\___ | '_ | '_| | '_ \/ _` | \ \ \ \
 \\/  ___)| |_)| | | | | || (_| |  ) ) ) )
  '  |____| .__|_| |_|_| |_\__, | / / / /
 =========|_|==============|___/=/_/_/_/
 :: Spring Boot ::        (v2.1.7.RELEASE)

2019-12-09 22:52:36.876  INFO 7688 --- [           main] c.flashcursos.model.service.AlunoTests   : Starting AlunoTests on DESKTOP-JH3GAHK with PID 7688 (started by Adryell in C:\Users\Adryell\Documents\Projeto Final Web\projeto-final\solutions\BackSpring)
2019-12-09 22:52:36.876  INFO 7688 --- [           main] c.flashcursos.model.service.AlunoTests   : The following profiles are active: test
2019-12-09 22:52:40.950  INFO 7688 --- [           main] .s.d.r.c.RepositoryConfigurationDelegate : Bootstrapping Spring Data repositories in DEFAULT mode.
2019-12-09 22:52:41.415  INFO 7688 --- [           main] .s.d.r.c.RepositoryConfigurationDelegate : Finished Spring Data repository scanning in 428ms. Found 7 repository interfaces.
2019-12-09 22:52:43.349  INFO 7688 --- [           main] trationDelegate$BeanPostProcessorChecker : Bean 'org.springframework.transaction.annotation.ProxyTransactionManagementConfiguration' of type [org.springframework.transaction.annotation.ProxyTransactionManagementConfiguration$$EnhancerBySpringCGLIB$$d964a7c9] is not eligible for getting processed by all BeanPostProcessors (for example: not eligible for auto-proxying)
2019-12-09 22:52:45.764  INFO 7688 --- [           main] com.zaxxer.hikari.HikariDataSource       : flashcursos - Starting...
2019-12-09 22:52:46.350  INFO 7688 --- [           main] com.zaxxer.hikari.HikariDataSource       : flashcursos - Start completed.
2019-12-09 22:52:46.782  INFO 7688 --- [           main] o.hibernate.jpa.internal.util.LogHelper  : HHH000204: Processing PersistenceUnitInfo [
	name: default
	...]
2019-12-09 22:52:47.511  INFO 7688 --- [           main] org.hibernate.Version                    : HHH000412: Hibernate Core {5.3.10.Final}
2019-12-09 22:52:47.521  INFO 7688 --- [           main] org.hibernate.cfg.Environment            : HHH000206: hibernate.properties not found
2019-12-09 22:52:48.327  INFO 7688 --- [           main] o.hibernate.annotations.common.Version   : HCANN000001: Hibernate Commons Annotations {5.0.4.Final}
2019-12-09 22:52:49.551  INFO 7688 --- [           main] org.hibernate.dialect.Dialect            : HHH000400: Using dialect: org.hibernate.dialect.PostgreSQL95Dialect
2019-12-09 22:52:49.813  INFO 7688 --- [           main] o.h.e.j.e.i.LobCreatorBuilderImpl        : HHH000421: Disabling contextual LOB creation as hibernate.jdbc.lob.non_contextual_creation is true
2019-12-09 22:52:49.829  INFO 7688 --- [           main] org.hibernate.type.BasicTypeRegistry     : HHH000270: Type registration [java.util.UUID] overrides previous : org.hibernate.type.UUIDBinaryType@79980d8d
2019-12-09 22:52:53.861  INFO 7688 --- [           main] j.LocalContainerEntityManagerFactoryBean : Initialized JPA EntityManagerFactory for persistence unit 'default'
2019-12-09 22:52:56.122  INFO 7688 --- [           main] o.h.h.i.QueryTranslatorFactoryInitiator  : HHH000397: Using ASTQueryTranslatorFactory
2019-12-09 22:52:59.854  WARN 7688 --- [           main] aWebConfiguration$JpaWebMvcConfiguration : spring.jpa.open-in-view is enabled by default. Therefore, database queries may be performed during view rendering. Explicitly configure spring.jpa.open-in-view to disable this warning
2019-12-09 22:53:00.765  INFO 7688 --- [           main] o.s.s.web.DefaultSecurityFilterChain     : Creating filter chain: any request, [org.springframework.security.web.context.request.async.WebAsyncManagerIntegrationFilter@5db90818, org.springframework.security.web.context.SecurityContextPersistenceFilter@53df7e67, org.springframework.security.web.header.HeaderWriterFilter@1ad1f167, org.springframework.web.filter.CorsFilter@3c17794e, org.springframework.security.web.authentication.logout.LogoutFilter@6604f246, org.springframework.security.web.savedrequest.RequestCacheAwareFilter@591a4d25, org.springframework.security.web.servletapi.SecurityContextHolderAwareRequestFilter@5e1a7d3, org.springframework.security.web.authentication.AnonymousAuthenticationFilter@414d2821, org.springframework.security.web.session.SessionManagementFilter@23954300, org.springframework.security.web.access.ExceptionTranslationFilter@2a5d2041, org.springframework.security.web.access.intercept.FilterSecurityInterceptor@2f112ade]
2019-12-09 22:53:02.454  INFO 7688 --- [           main] o.s.s.concurrent.ThreadPoolTaskExecutor  : Initializing ExecutorService 'applicationTaskExecutor'
2019-12-09 22:53:03.970  INFO 7688 --- [           main] o.s.s.c.ThreadPoolTaskScheduler          : Initializing ExecutorService 'taskScheduler'
2019-12-09 22:53:04.445  INFO 7688 --- [           main] c.flashcursos.model.service.AlunoTests   : Started AlunoTests in 28.812 seconds (JVM running for 31.57)
2019-12-09 22:53:05.223  WARN 7688 --- [           main] o.s.test.context.TestContextManager      : Caught exception while invoking 'beforeTestMethod' callback on TestExecutionListener [org.springframework.test.context.jdbc.SqlScriptsTestExecutionListener@77847718] for test method [public void com.flashcursos.model.service.AlunoTests.desativarAlunoMustPass()] and test instance [com.flashcursos.model.service.AlunoTests@2fc0ad21]

org.springframework.jdbc.datasource.init.ScriptStatementFailedException: Failed to execute SQL script statement #1 of class path resource [dataset/usuarios.sql]: INSERT INTO usuario ( id, created, email, tipousuario, disponivel, nome, cpf, nascimento, celular, senha, account_activate_token, account_activate_token_expiration, password_reset_token, password_reset_token_expiration) VALUES ( 1001, now(), 'jlenon7@hotmail.com', 1, false, 'João Lenon', '092.862.989-94', '12/09/2000', '(45) 99955-3220', '$2a$10$bAdAVLvM.k3DqPaPYi0gnO1OffPSHLref8MElAk.u.fFQ17v9YKC2', 'f786c907-032e-451b-ac93-8508dec75a3d', '2019-12-02', 'f786c907-032e-451b-ac93-8508dec75a3d', '2019-12-02'), ( 1002, now(), 'adryell.silva10@gmail.com', 2, false, 'Adryell Nathann', '116.506.789-75', '10/27/2000', '(45) 99996-4523', '$2a$10$bAdAVLvM.k3DqPaPYi0gnO1OffPSHLref8MElAk.u.fFQ17v9YKC2', 'f786c907-032e-451b-ac93-8508dec75a3d', '2019-12-02', 'f786c907-032e-451b-ac93-8508dec75a3d', '2019-12-02'); nested exception is org.postgresql.util.PSQLException: ERROR: date/time field value out of range: "10/27/2000"
  Dica: Perhaps you need a different "datestyle" setting.
  Posição: 605
	at org.springframework.jdbc.datasource.init.ScriptUtils.executeSqlScript(ScriptUtils.java:509) ~[spring-jdbc-5.1.9.RELEASE.jar:5.1.9.RELEASE]
	at org.springframework.jdbc.datasource.init.ResourceDatabasePopulator.populate(ResourceDatabasePopulator.java:238) ~[spring-jdbc-5.1.9.RELEASE.jar:5.1.9.RELEASE]
	at org.springframework.jdbc.datasource.init.DatabasePopulatorUtils.execute(DatabasePopulatorUtils.java:48) ~[spring-jdbc-5.1.9.RELEASE.jar:5.1.9.RELEASE]
	at org.springframework.jdbc.datasource.init.ResourceDatabasePopulator.execute(ResourceDatabasePopulator.java:253) ~[spring-jdbc-5.1.9.RELEASE.jar:5.1.9.RELEASE]
	at org.springframework.test.context.jdbc.SqlScriptsTestExecutionListener.lambda$executeSqlScripts$3(SqlScriptsTestExecutionListener.java:229) ~[spring-test-5.1.9.RELEASE.jar:5.1.9.RELEASE]
	at org.springframework.transaction.support.TransactionTemplate.execute(TransactionTemplate.java:140) ~[spring-tx-5.1.9.RELEASE.jar:5.1.9.RELEASE]
	at org.springframework.test.context.jdbc.SqlScriptsTestExecutionListener.executeSqlScripts(SqlScriptsTestExecutionListener.java:228) ~[spring-test-5.1.9.RELEASE.jar:5.1.9.RELEASE]
	at org.springframework.test.context.jdbc.SqlScriptsTestExecutionListener.executeSqlScripts(SqlScriptsTestExecutionListener.java:142) ~[spring-test-5.1.9.RELEASE.jar:5.1.9.RELEASE]
	at org.springframework.test.context.jdbc.SqlScriptsTestExecutionListener.beforeTestMethod(SqlScriptsTestExecutionListener.java:112) ~[spring-test-5.1.9.RELEASE.jar:5.1.9.RELEASE]
	at org.springframework.test.context.TestContextManager.beforeTestMethod(TestContextManager.java:291) ~[spring-test-5.1.9.RELEASE.jar:5.1.9.RELEASE]
	at org.springframework.test.context.junit4.statements.RunBeforeTestMethodCallbacks.evaluate(RunBeforeTestMethodCallbacks.java:74) [spring-test-5.1.9.RELEASE.jar:5.1.9.RELEASE]
	at org.springframework.test.context.junit4.statements.RunAfterTestMethodCallbacks.evaluate(RunAfterTestMethodCallbacks.java:86) [spring-test-5.1.9.RELEASE.jar:5.1.9.RELEASE]
	at org.springframework.test.context.junit4.statements.SpringRepeat.evaluate(SpringRepeat.java:84) [spring-test-5.1.9.RELEASE.jar:5.1.9.RELEASE]
	at org.junit.runners.ParentRunner.runLeaf(ParentRunner.java:325) [junit-4.12.jar:4.12]
	at org.springframework.test.context.junit4.SpringJUnit4ClassRunner.runChild(SpringJUnit4ClassRunner.java:251) [spring-test-5.1.9.RELEASE.jar:5.1.9.RELEASE]
	at org.springframework.test.context.junit4.SpringJUnit4ClassRunner.runChild(SpringJUnit4ClassRunner.java:97) [spring-test-5.1.9.RELEASE.jar:5.1.9.RELEASE]
	at org.junit.runners.ParentRunner$3.run(ParentRunner.java:290) [junit-4.12.jar:4.12]
	at org.junit.runners.ParentRunner$1.schedule(ParentRunner.java:71) [junit-4.12.jar:4.12]
	at org.junit.runners.ParentRunner.runChildren(ParentRunner.java:288) [junit-4.12.jar:4.12]
	at org.junit.runners.ParentRunner.access$000(ParentRunner.java:58) [junit-4.12.jar:4.12]
	at org.junit.runners.ParentRunner$2.evaluate(ParentRunner.java:268) [junit-4.12.jar:4.12]
	at org.springframework.test.context.junit4.statements.RunBeforeTestClassCallbacks.evaluate(RunBeforeTestClassCallbacks.java:61) [spring-test-5.1.9.RELEASE.jar:5.1.9.RELEASE]
	at org.springframework.test.context.junit4.statements.RunAfterTestClassCallbacks.evaluate(RunAfterTestClassCallbacks.java:70) [spring-test-5.1.9.RELEASE.jar:5.1.9.RELEASE]
	at org.junit.runners.ParentRunner.run(ParentRunner.java:363) [junit-4.12.jar:4.12]
	at org.springframework.test.context.junit4.SpringJUnit4ClassRunner.run(SpringJUnit4ClassRunner.java:190) [spring-test-5.1.9.RELEASE.jar:5.1.9.RELEASE]
	at org.apache.maven.surefire.junit4.JUnit4Provider.execute(JUnit4Provider.java:365) [surefire-junit4-2.22.2.jar:2.22.2]
	at org.apache.maven.surefire.junit4.JUnit4Provider.executeWithRerun(JUnit4Provider.java:273) [surefire-junit4-2.22.2.jar:2.22.2]
	at org.apache.maven.surefire.junit4.JUnit4Provider.executeTestSet(JUnit4Provider.java:238) [surefire-junit4-2.22.2.jar:2.22.2]
	at org.apache.maven.surefire.junit4.JUnit4Provider.invoke(JUnit4Provider.java:159) [surefire-junit4-2.22.2.jar:2.22.2]
	at org.apache.maven.surefire.booter.ForkedBooter.invokeProviderInSameClassLoader(ForkedBooter.java:384) [surefire-booter-2.22.2.jar:2.22.2]
	at org.apache.maven.surefire.booter.ForkedBooter.runSuitesInProcess(ForkedBooter.java:345) [surefire-booter-2.22.2.jar:2.22.2]
	at org.apache.maven.surefire.booter.ForkedBooter.execute(ForkedBooter.java:126) [surefire-booter-2.22.2.jar:2.22.2]
	at org.apache.maven.surefire.booter.ForkedBooter.main(ForkedBooter.java:418) [surefire-booter-2.22.2.jar:2.22.2]
Caused by: org.postgresql.util.PSQLException: ERROR: date/time field value out of range: "10/27/2000"
  Dica: Perhaps you need a different "datestyle" setting.
  Posição: 605
	at org.postgresql.core.v3.QueryExecutorImpl.receiveErrorResponse(QueryExecutorImpl.java:2497) ~[postgresql-42.2.8.jar:42.2.8]
	at org.postgresql.core.v3.QueryExecutorImpl.processResults(QueryExecutorImpl.java:2233) ~[postgresql-42.2.8.jar:42.2.8]
	at org.postgresql.core.v3.QueryExecutorImpl.execute(QueryExecutorImpl.java:310) ~[postgresql-42.2.8.jar:42.2.8]
	at org.postgresql.jdbc.PgStatement.executeInternal(PgStatement.java:446) ~[postgresql-42.2.8.jar:42.2.8]
	at org.postgresql.jdbc.PgStatement.execute(PgStatement.java:370) ~[postgresql-42.2.8.jar:42.2.8]
	at org.postgresql.jdbc.PgStatement.executeWithFlags(PgStatement.java:311) ~[postgresql-42.2.8.jar:42.2.8]
	at org.postgresql.jdbc.PgStatement.executeCachedSql(PgStatement.java:297) ~[postgresql-42.2.8.jar:42.2.8]
	at org.postgresql.jdbc.PgStatement.executeWithFlags(PgStatement.java:274) ~[postgresql-42.2.8.jar:42.2.8]
	at org.postgresql.jdbc.PgStatement.execute(PgStatement.java:269) ~[postgresql-42.2.8.jar:42.2.8]
	at com.zaxxer.hikari.pool.ProxyStatement.execute(ProxyStatement.java:95) ~[HikariCP-3.2.0.jar:na]
	at com.zaxxer.hikari.pool.HikariProxyStatement.execute(HikariProxyStatement.java) ~[HikariCP-3.2.0.jar:na]
	at org.springframework.jdbc.datasource.init.ScriptUtils.executeSqlScript(ScriptUtils.java:488) ~[spring-jdbc-5.1.9.RELEASE.jar:5.1.9.RELEASE]
	... 32 common frames omitted

]]></system-out>
  </testcase>
  <testcase name="detalharAlunoMustPass" classname="com.flashcursos.model.service.AlunoTests" time="0.687">
    <error message="Failed to execute SQL script statement #1 of class path resource [dataset/usuarios.sql]: INSERT INTO usuario ( id, created, email, tipousuario, disponivel, nome, cpf, nascimento, celular, senha, account_activate_token, account_activate_token_expiration, password_reset_token, password_reset_token_expiration) VALUES ( 1001, now(), &apos;jlenon7@hotmail.com&apos;, 1, false, &apos;João Lenon&apos;, &apos;092.862.989-94&apos;, &apos;12/09/2000&apos;, &apos;(45) 99955-3220&apos;, &apos;$2a$10$bAdAVLvM.k3DqPaPYi0gnO1OffPSHLref8MElAk.u.fFQ17v9YKC2&apos;, &apos;f786c907-032e-451b-ac93-8508dec75a3d&apos;, &apos;2019-12-02&apos;, &apos;f786c907-032e-451b-ac93-8508dec75a3d&apos;, &apos;2019-12-02&apos;), ( 1002, now(), &apos;adryell.silva10@gmail.com&apos;, 2, false, &apos;Adryell Nathann&apos;, &apos;116.506.789-75&apos;, &apos;10/27/2000&apos;, &apos;(45) 99996-4523&apos;, &apos;$2a$10$bAdAVLvM.k3DqPaPYi0gnO1OffPSHLref8MElAk.u.fFQ17v9YKC2&apos;, &apos;f786c907-032e-451b-ac93-8508dec75a3d&apos;, &apos;2019-12-02&apos;, &apos;f786c907-032e-451b-ac93-8508dec75a3d&apos;, &apos;2019-12-02&apos;); nested exception is org.postgresql.util.PSQLException: ERROR: date/time field value out of range: &quot;10/27/2000&quot;&#10;  Dica: Perhaps you need a different &quot;datestyle&quot; setting.&#10;  Posição: 605" type="org.springframework.jdbc.datasource.init.ScriptStatementFailedException">org.springframework.jdbc.datasource.init.ScriptStatementFailedException: 
Failed to execute SQL script statement #1 of class path resource [dataset/usuarios.sql]: INSERT INTO usuario ( id, created, email, tipousuario, disponivel, nome, cpf, nascimento, celular, senha, account_activate_token, account_activate_token_expiration, password_reset_token, password_reset_token_expiration) VALUES ( 1001, now(), 'jlenon7@hotmail.com', 1, false, 'João Lenon', '092.862.989-94', '12/09/2000', '(45) 99955-3220', '$2a$10$bAdAVLvM.k3DqPaPYi0gnO1OffPSHLref8MElAk.u.fFQ17v9YKC2', 'f786c907-032e-451b-ac93-8508dec75a3d', '2019-12-02', 'f786c907-032e-451b-ac93-8508dec75a3d', '2019-12-02'), ( 1002, now(), 'adryell.silva10@gmail.com', 2, false, 'Adryell Nathann', '116.506.789-75', '10/27/2000', '(45) 99996-4523', '$2a$10$bAdAVLvM.k3DqPaPYi0gnO1OffPSHLref8MElAk.u.fFQ17v9YKC2', 'f786c907-032e-451b-ac93-8508dec75a3d', '2019-12-02', 'f786c907-032e-451b-ac93-8508dec75a3d', '2019-12-02'); nested exception is org.postgresql.util.PSQLException: ERROR: date/time field value out of range: "10/27/2000"
  Dica: Perhaps you need a different "datestyle" setting.
  Posição: 605
Caused by: org.postgresql.util.PSQLException: 
ERROR: date/time field value out of range: "10/27/2000"
  Dica: Perhaps you need a different "datestyle" setting.
  Posição: 605
</error>
    <system-out><![CDATA[2019-12-09 22:53:06.283  WARN 7688 --- [           main] o.s.test.context.TestContextManager      : Caught exception while invoking 'beforeTestMethod' callback on TestExecutionListener [org.springframework.test.context.jdbc.SqlScriptsTestExecutionListener@77847718] for test method [public void com.flashcursos.model.service.AlunoTests.detalharAlunoMustPass()] and test instance [com.flashcursos.model.service.AlunoTests@4a34de5e]

org.springframework.jdbc.datasource.init.ScriptStatementFailedException: Failed to execute SQL script statement #1 of class path resource [dataset/usuarios.sql]: INSERT INTO usuario ( id, created, email, tipousuario, disponivel, nome, cpf, nascimento, celular, senha, account_activate_token, account_activate_token_expiration, password_reset_token, password_reset_token_expiration) VALUES ( 1001, now(), 'jlenon7@hotmail.com', 1, false, 'João Lenon', '092.862.989-94', '12/09/2000', '(45) 99955-3220', '$2a$10$bAdAVLvM.k3DqPaPYi0gnO1OffPSHLref8MElAk.u.fFQ17v9YKC2', 'f786c907-032e-451b-ac93-8508dec75a3d', '2019-12-02', 'f786c907-032e-451b-ac93-8508dec75a3d', '2019-12-02'), ( 1002, now(), 'adryell.silva10@gmail.com', 2, false, 'Adryell Nathann', '116.506.789-75', '10/27/2000', '(45) 99996-4523', '$2a$10$bAdAVLvM.k3DqPaPYi0gnO1OffPSHLref8MElAk.u.fFQ17v9YKC2', 'f786c907-032e-451b-ac93-8508dec75a3d', '2019-12-02', 'f786c907-032e-451b-ac93-8508dec75a3d', '2019-12-02'); nested exception is org.postgresql.util.PSQLException: ERROR: date/time field value out of range: "10/27/2000"
  Dica: Perhaps you need a different "datestyle" setting.
  Posição: 605
	at org.springframework.jdbc.datasource.init.ScriptUtils.executeSqlScript(ScriptUtils.java:509) ~[spring-jdbc-5.1.9.RELEASE.jar:5.1.9.RELEASE]
	at org.springframework.jdbc.datasource.init.ResourceDatabasePopulator.populate(ResourceDatabasePopulator.java:238) ~[spring-jdbc-5.1.9.RELEASE.jar:5.1.9.RELEASE]
	at org.springframework.jdbc.datasource.init.DatabasePopulatorUtils.execute(DatabasePopulatorUtils.java:48) ~[spring-jdbc-5.1.9.RELEASE.jar:5.1.9.RELEASE]
	at org.springframework.jdbc.datasource.init.ResourceDatabasePopulator.execute(ResourceDatabasePopulator.java:253) ~[spring-jdbc-5.1.9.RELEASE.jar:5.1.9.RELEASE]
	at org.springframework.test.context.jdbc.SqlScriptsTestExecutionListener.lambda$executeSqlScripts$3(SqlScriptsTestExecutionListener.java:229) ~[spring-test-5.1.9.RELEASE.jar:5.1.9.RELEASE]
	at org.springframework.transaction.support.TransactionTemplate.execute(TransactionTemplate.java:140) ~[spring-tx-5.1.9.RELEASE.jar:5.1.9.RELEASE]
	at org.springframework.test.context.jdbc.SqlScriptsTestExecutionListener.executeSqlScripts(SqlScriptsTestExecutionListener.java:228) ~[spring-test-5.1.9.RELEASE.jar:5.1.9.RELEASE]
	at org.springframework.test.context.jdbc.SqlScriptsTestExecutionListener.executeSqlScripts(SqlScriptsTestExecutionListener.java:142) ~[spring-test-5.1.9.RELEASE.jar:5.1.9.RELEASE]
	at org.springframework.test.context.jdbc.SqlScriptsTestExecutionListener.beforeTestMethod(SqlScriptsTestExecutionListener.java:112) ~[spring-test-5.1.9.RELEASE.jar:5.1.9.RELEASE]
	at org.springframework.test.context.TestContextManager.beforeTestMethod(TestContextManager.java:291) ~[spring-test-5.1.9.RELEASE.jar:5.1.9.RELEASE]
	at org.springframework.test.context.junit4.statements.RunBeforeTestMethodCallbacks.evaluate(RunBeforeTestMethodCallbacks.java:74) [spring-test-5.1.9.RELEASE.jar:5.1.9.RELEASE]
	at org.springframework.test.context.junit4.statements.RunAfterTestMethodCallbacks.evaluate(RunAfterTestMethodCallbacks.java:86) [spring-test-5.1.9.RELEASE.jar:5.1.9.RELEASE]
	at org.springframework.test.context.junit4.statements.SpringRepeat.evaluate(SpringRepeat.java:84) [spring-test-5.1.9.RELEASE.jar:5.1.9.RELEASE]
	at org.junit.runners.ParentRunner.runLeaf(ParentRunner.java:325) [junit-4.12.jar:4.12]
	at org.springframework.test.context.junit4.SpringJUnit4ClassRunner.runChild(SpringJUnit4ClassRunner.java:251) [spring-test-5.1.9.RELEASE.jar:5.1.9.RELEASE]
	at org.springframework.test.context.junit4.SpringJUnit4ClassRunner.runChild(SpringJUnit4ClassRunner.java:97) [spring-test-5.1.9.RELEASE.jar:5.1.9.RELEASE]
	at org.junit.runners.ParentRunner$3.run(ParentRunner.java:290) [junit-4.12.jar:4.12]
	at org.junit.runners.ParentRunner$1.schedule(ParentRunner.java:71) [junit-4.12.jar:4.12]
	at org.junit.runners.ParentRunner.runChildren(ParentRunner.java:288) [junit-4.12.jar:4.12]
	at org.junit.runners.ParentRunner.access$000(ParentRunner.java:58) [junit-4.12.jar:4.12]
	at org.junit.runners.ParentRunner$2.evaluate(ParentRunner.java:268) [junit-4.12.jar:4.12]
	at org.springframework.test.context.junit4.statements.RunBeforeTestClassCallbacks.evaluate(RunBeforeTestClassCallbacks.java:61) [spring-test-5.1.9.RELEASE.jar:5.1.9.RELEASE]
	at org.springframework.test.context.junit4.statements.RunAfterTestClassCallbacks.evaluate(RunAfterTestClassCallbacks.java:70) [spring-test-5.1.9.RELEASE.jar:5.1.9.RELEASE]
	at org.junit.runners.ParentRunner.run(ParentRunner.java:363) [junit-4.12.jar:4.12]
	at org.springframework.test.context.junit4.SpringJUnit4ClassRunner.run(SpringJUnit4ClassRunner.java:190) [spring-test-5.1.9.RELEASE.jar:5.1.9.RELEASE]
	at org.apache.maven.surefire.junit4.JUnit4Provider.execute(JUnit4Provider.java:365) [surefire-junit4-2.22.2.jar:2.22.2]
	at org.apache.maven.surefire.junit4.JUnit4Provider.executeWithRerun(JUnit4Provider.java:273) [surefire-junit4-2.22.2.jar:2.22.2]
	at org.apache.maven.surefire.junit4.JUnit4Provider.executeTestSet(JUnit4Provider.java:238) [surefire-junit4-2.22.2.jar:2.22.2]
	at org.apache.maven.surefire.junit4.JUnit4Provider.invoke(JUnit4Provider.java:159) [surefire-junit4-2.22.2.jar:2.22.2]
	at org.apache.maven.surefire.booter.ForkedBooter.invokeProviderInSameClassLoader(ForkedBooter.java:384) [surefire-booter-2.22.2.jar:2.22.2]
	at org.apache.maven.surefire.booter.ForkedBooter.runSuitesInProcess(ForkedBooter.java:345) [surefire-booter-2.22.2.jar:2.22.2]
	at org.apache.maven.surefire.booter.ForkedBooter.execute(ForkedBooter.java:126) [surefire-booter-2.22.2.jar:2.22.2]
	at org.apache.maven.surefire.booter.ForkedBooter.main(ForkedBooter.java:418) [surefire-booter-2.22.2.jar:2.22.2]
Caused by: org.postgresql.util.PSQLException: ERROR: date/time field value out of range: "10/27/2000"
  Dica: Perhaps you need a different "datestyle" setting.
  Posição: 605
	at org.postgresql.core.v3.QueryExecutorImpl.receiveErrorResponse(QueryExecutorImpl.java:2497) ~[postgresql-42.2.8.jar:42.2.8]
	at org.postgresql.core.v3.QueryExecutorImpl.processResults(QueryExecutorImpl.java:2233) ~[postgresql-42.2.8.jar:42.2.8]
	at org.postgresql.core.v3.QueryExecutorImpl.execute(QueryExecutorImpl.java:310) ~[postgresql-42.2.8.jar:42.2.8]
	at org.postgresql.jdbc.PgStatement.executeInternal(PgStatement.java:446) ~[postgresql-42.2.8.jar:42.2.8]
	at org.postgresql.jdbc.PgStatement.execute(PgStatement.java:370) ~[postgresql-42.2.8.jar:42.2.8]
	at org.postgresql.jdbc.PgStatement.executeWithFlags(PgStatement.java:311) ~[postgresql-42.2.8.jar:42.2.8]
	at org.postgresql.jdbc.PgStatement.executeCachedSql(PgStatement.java:297) ~[postgresql-42.2.8.jar:42.2.8]
	at org.postgresql.jdbc.PgStatement.executeWithFlags(PgStatement.java:274) ~[postgresql-42.2.8.jar:42.2.8]
	at org.postgresql.jdbc.PgStatement.execute(PgStatement.java:269) ~[postgresql-42.2.8.jar:42.2.8]
	at com.zaxxer.hikari.pool.ProxyStatement.execute(ProxyStatement.java:95) ~[HikariCP-3.2.0.jar:na]
	at com.zaxxer.hikari.pool.HikariProxyStatement.execute(HikariProxyStatement.java) ~[HikariCP-3.2.0.jar:na]
	at org.springframework.jdbc.datasource.init.ScriptUtils.executeSqlScript(ScriptUtils.java:488) ~[spring-jdbc-5.1.9.RELEASE.jar:5.1.9.RELEASE]
	... 32 common frames omitted

]]></system-out>
  </testcase>
  <testcase name="listarAlunosMustPass" classname="com.flashcursos.model.service.AlunoTests" time="0.482">
    <error message="Failed to execute SQL script statement #1 of class path resource [dataset/usuarios.sql]: INSERT INTO usuario ( id, created, email, tipousuario, disponivel, nome, cpf, nascimento, celular, senha, account_activate_token, account_activate_token_expiration, password_reset_token, password_reset_token_expiration) VALUES ( 1001, now(), &apos;jlenon7@hotmail.com&apos;, 1, false, &apos;João Lenon&apos;, &apos;092.862.989-94&apos;, &apos;12/09/2000&apos;, &apos;(45) 99955-3220&apos;, &apos;$2a$10$bAdAVLvM.k3DqPaPYi0gnO1OffPSHLref8MElAk.u.fFQ17v9YKC2&apos;, &apos;f786c907-032e-451b-ac93-8508dec75a3d&apos;, &apos;2019-12-02&apos;, &apos;f786c907-032e-451b-ac93-8508dec75a3d&apos;, &apos;2019-12-02&apos;), ( 1002, now(), &apos;adryell.silva10@gmail.com&apos;, 2, false, &apos;Adryell Nathann&apos;, &apos;116.506.789-75&apos;, &apos;10/27/2000&apos;, &apos;(45) 99996-4523&apos;, &apos;$2a$10$bAdAVLvM.k3DqPaPYi0gnO1OffPSHLref8MElAk.u.fFQ17v9YKC2&apos;, &apos;f786c907-032e-451b-ac93-8508dec75a3d&apos;, &apos;2019-12-02&apos;, &apos;f786c907-032e-451b-ac93-8508dec75a3d&apos;, &apos;2019-12-02&apos;); nested exception is org.postgresql.util.PSQLException: ERROR: date/time field value out of range: &quot;10/27/2000&quot;&#10;  Dica: Perhaps you need a different &quot;datestyle&quot; setting.&#10;  Posição: 605" type="org.springframework.jdbc.datasource.init.ScriptStatementFailedException">org.springframework.jdbc.datasource.init.ScriptStatementFailedException: 
Failed to execute SQL script statement #1 of class path resource [dataset/usuarios.sql]: INSERT INTO usuario ( id, created, email, tipousuario, disponivel, nome, cpf, nascimento, celular, senha, account_activate_token, account_activate_token_expiration, password_reset_token, password_reset_token_expiration) VALUES ( 1001, now(), 'jlenon7@hotmail.com', 1, false, 'João Lenon', '092.862.989-94', '12/09/2000', '(45) 99955-3220', '$2a$10$bAdAVLvM.k3DqPaPYi0gnO1OffPSHLref8MElAk.u.fFQ17v9YKC2', 'f786c907-032e-451b-ac93-8508dec75a3d', '2019-12-02', 'f786c907-032e-451b-ac93-8508dec75a3d', '2019-12-02'), ( 1002, now(), 'adryell.silva10@gmail.com', 2, false, 'Adryell Nathann', '116.506.789-75', '10/27/2000', '(45) 99996-4523', '$2a$10$bAdAVLvM.k3DqPaPYi0gnO1OffPSHLref8MElAk.u.fFQ17v9YKC2', 'f786c907-032e-451b-ac93-8508dec75a3d', '2019-12-02', 'f786c907-032e-451b-ac93-8508dec75a3d', '2019-12-02'); nested exception is org.postgresql.util.PSQLException: ERROR: date/time field value out of range: "10/27/2000"
  Dica: Perhaps you need a different "datestyle" setting.
  Posição: 605
Caused by: org.postgresql.util.PSQLException: 
ERROR: date/time field value out of range: "10/27/2000"
  Dica: Perhaps you need a different "datestyle" setting.
  Posição: 605
</error>
    <system-out><![CDATA[2019-12-09 22:53:06.756  WARN 7688 --- [           main] o.s.test.context.TestContextManager      : Caught exception while invoking 'beforeTestMethod' callback on TestExecutionListener [org.springframework.test.context.jdbc.SqlScriptsTestExecutionListener@77847718] for test method [public void com.flashcursos.model.service.AlunoTests.listarAlunosMustPass()] and test instance [com.flashcursos.model.service.AlunoTests@510bd87a]

org.springframework.jdbc.datasource.init.ScriptStatementFailedException: Failed to execute SQL script statement #1 of class path resource [dataset/usuarios.sql]: INSERT INTO usuario ( id, created, email, tipousuario, disponivel, nome, cpf, nascimento, celular, senha, account_activate_token, account_activate_token_expiration, password_reset_token, password_reset_token_expiration) VALUES ( 1001, now(), 'jlenon7@hotmail.com', 1, false, 'João Lenon', '092.862.989-94', '12/09/2000', '(45) 99955-3220', '$2a$10$bAdAVLvM.k3DqPaPYi0gnO1OffPSHLref8MElAk.u.fFQ17v9YKC2', 'f786c907-032e-451b-ac93-8508dec75a3d', '2019-12-02', 'f786c907-032e-451b-ac93-8508dec75a3d', '2019-12-02'), ( 1002, now(), 'adryell.silva10@gmail.com', 2, false, 'Adryell Nathann', '116.506.789-75', '10/27/2000', '(45) 99996-4523', '$2a$10$bAdAVLvM.k3DqPaPYi0gnO1OffPSHLref8MElAk.u.fFQ17v9YKC2', 'f786c907-032e-451b-ac93-8508dec75a3d', '2019-12-02', 'f786c907-032e-451b-ac93-8508dec75a3d', '2019-12-02'); nested exception is org.postgresql.util.PSQLException: ERROR: date/time field value out of range: "10/27/2000"
  Dica: Perhaps you need a different "datestyle" setting.
  Posição: 605
	at org.springframework.jdbc.datasource.init.ScriptUtils.executeSqlScript(ScriptUtils.java:509) ~[spring-jdbc-5.1.9.RELEASE.jar:5.1.9.RELEASE]
	at org.springframework.jdbc.datasource.init.ResourceDatabasePopulator.populate(ResourceDatabasePopulator.java:238) ~[spring-jdbc-5.1.9.RELEASE.jar:5.1.9.RELEASE]
	at org.springframework.jdbc.datasource.init.DatabasePopulatorUtils.execute(DatabasePopulatorUtils.java:48) ~[spring-jdbc-5.1.9.RELEASE.jar:5.1.9.RELEASE]
	at org.springframework.jdbc.datasource.init.ResourceDatabasePopulator.execute(ResourceDatabasePopulator.java:253) ~[spring-jdbc-5.1.9.RELEASE.jar:5.1.9.RELEASE]
	at org.springframework.test.context.jdbc.SqlScriptsTestExecutionListener.lambda$executeSqlScripts$3(SqlScriptsTestExecutionListener.java:229) ~[spring-test-5.1.9.RELEASE.jar:5.1.9.RELEASE]
	at org.springframework.transaction.support.TransactionTemplate.execute(TransactionTemplate.java:140) ~[spring-tx-5.1.9.RELEASE.jar:5.1.9.RELEASE]
	at org.springframework.test.context.jdbc.SqlScriptsTestExecutionListener.executeSqlScripts(SqlScriptsTestExecutionListener.java:228) ~[spring-test-5.1.9.RELEASE.jar:5.1.9.RELEASE]
	at org.springframework.test.context.jdbc.SqlScriptsTestExecutionListener.executeSqlScripts(SqlScriptsTestExecutionListener.java:142) ~[spring-test-5.1.9.RELEASE.jar:5.1.9.RELEASE]
	at org.springframework.test.context.jdbc.SqlScriptsTestExecutionListener.beforeTestMethod(SqlScriptsTestExecutionListener.java:112) ~[spring-test-5.1.9.RELEASE.jar:5.1.9.RELEASE]
	at org.springframework.test.context.TestContextManager.beforeTestMethod(TestContextManager.java:291) ~[spring-test-5.1.9.RELEASE.jar:5.1.9.RELEASE]
	at org.springframework.test.context.junit4.statements.RunBeforeTestMethodCallbacks.evaluate(RunBeforeTestMethodCallbacks.java:74) [spring-test-5.1.9.RELEASE.jar:5.1.9.RELEASE]
	at org.springframework.test.context.junit4.statements.RunAfterTestMethodCallbacks.evaluate(RunAfterTestMethodCallbacks.java:86) [spring-test-5.1.9.RELEASE.jar:5.1.9.RELEASE]
	at org.springframework.test.context.junit4.statements.SpringRepeat.evaluate(SpringRepeat.java:84) [spring-test-5.1.9.RELEASE.jar:5.1.9.RELEASE]
	at org.junit.runners.ParentRunner.runLeaf(ParentRunner.java:325) [junit-4.12.jar:4.12]
	at org.springframework.test.context.junit4.SpringJUnit4ClassRunner.runChild(SpringJUnit4ClassRunner.java:251) [spring-test-5.1.9.RELEASE.jar:5.1.9.RELEASE]
	at org.springframework.test.context.junit4.SpringJUnit4ClassRunner.runChild(SpringJUnit4ClassRunner.java:97) [spring-test-5.1.9.RELEASE.jar:5.1.9.RELEASE]
	at org.junit.runners.ParentRunner$3.run(ParentRunner.java:290) [junit-4.12.jar:4.12]
	at org.junit.runners.ParentRunner$1.schedule(ParentRunner.java:71) [junit-4.12.jar:4.12]
	at org.junit.runners.ParentRunner.runChildren(ParentRunner.java:288) [junit-4.12.jar:4.12]
	at org.junit.runners.ParentRunner.access$000(ParentRunner.java:58) [junit-4.12.jar:4.12]
	at org.junit.runners.ParentRunner$2.evaluate(ParentRunner.java:268) [junit-4.12.jar:4.12]
	at org.springframework.test.context.junit4.statements.RunBeforeTestClassCallbacks.evaluate(RunBeforeTestClassCallbacks.java:61) [spring-test-5.1.9.RELEASE.jar:5.1.9.RELEASE]
	at org.springframework.test.context.junit4.statements.RunAfterTestClassCallbacks.evaluate(RunAfterTestClassCallbacks.java:70) [spring-test-5.1.9.RELEASE.jar:5.1.9.RELEASE]
	at org.junit.runners.ParentRunner.run(ParentRunner.java:363) [junit-4.12.jar:4.12]
	at org.springframework.test.context.junit4.SpringJUnit4ClassRunner.run(SpringJUnit4ClassRunner.java:190) [spring-test-5.1.9.RELEASE.jar:5.1.9.RELEASE]
	at org.apache.maven.surefire.junit4.JUnit4Provider.execute(JUnit4Provider.java:365) [surefire-junit4-2.22.2.jar:2.22.2]
	at org.apache.maven.surefire.junit4.JUnit4Provider.executeWithRerun(JUnit4Provider.java:273) [surefire-junit4-2.22.2.jar:2.22.2]
	at org.apache.maven.surefire.junit4.JUnit4Provider.executeTestSet(JUnit4Provider.java:238) [surefire-junit4-2.22.2.jar:2.22.2]
	at org.apache.maven.surefire.junit4.JUnit4Provider.invoke(JUnit4Provider.java:159) [surefire-junit4-2.22.2.jar:2.22.2]
	at org.apache.maven.surefire.booter.ForkedBooter.invokeProviderInSameClassLoader(ForkedBooter.java:384) [surefire-booter-2.22.2.jar:2.22.2]
	at org.apache.maven.surefire.booter.ForkedBooter.runSuitesInProcess(ForkedBooter.java:345) [surefire-booter-2.22.2.jar:2.22.2]
	at org.apache.maven.surefire.booter.ForkedBooter.execute(ForkedBooter.java:126) [surefire-booter-2.22.2.jar:2.22.2]
	at org.apache.maven.surefire.booter.ForkedBooter.main(ForkedBooter.java:418) [surefire-booter-2.22.2.jar:2.22.2]
Caused by: org.postgresql.util.PSQLException: ERROR: date/time field value out of range: "10/27/2000"
  Dica: Perhaps you need a different "datestyle" setting.
  Posição: 605
	at org.postgresql.core.v3.QueryExecutorImpl.receiveErrorResponse(QueryExecutorImpl.java:2497) ~[postgresql-42.2.8.jar:42.2.8]
	at org.postgresql.core.v3.QueryExecutorImpl.processResults(QueryExecutorImpl.java:2233) ~[postgresql-42.2.8.jar:42.2.8]
	at org.postgresql.core.v3.QueryExecutorImpl.execute(QueryExecutorImpl.java:310) ~[postgresql-42.2.8.jar:42.2.8]
	at org.postgresql.jdbc.PgStatement.executeInternal(PgStatement.java:446) ~[postgresql-42.2.8.jar:42.2.8]
	at org.postgresql.jdbc.PgStatement.execute(PgStatement.java:370) ~[postgresql-42.2.8.jar:42.2.8]
	at org.postgresql.jdbc.PgStatement.executeWithFlags(PgStatement.java:311) ~[postgresql-42.2.8.jar:42.2.8]
	at org.postgresql.jdbc.PgStatement.executeCachedSql(PgStatement.java:297) ~[postgresql-42.2.8.jar:42.2.8]
	at org.postgresql.jdbc.PgStatement.executeWithFlags(PgStatement.java:274) ~[postgresql-42.2.8.jar:42.2.8]
	at org.postgresql.jdbc.PgStatement.execute(PgStatement.java:269) ~[postgresql-42.2.8.jar:42.2.8]
	at com.zaxxer.hikari.pool.ProxyStatement.execute(ProxyStatement.java:95) ~[HikariCP-3.2.0.jar:na]
	at com.zaxxer.hikari.pool.HikariProxyStatement.execute(HikariProxyStatement.java) ~[HikariCP-3.2.0.jar:na]
	at org.springframework.jdbc.datasource.init.ScriptUtils.executeSqlScript(ScriptUtils.java:488) ~[spring-jdbc-5.1.9.RELEASE.jar:5.1.9.RELEASE]
	... 32 common frames omitted

]]></system-out>
  </testcase>
  <testcase name="atualizarAlunoMustFailCpfDuplicado" classname="com.flashcursos.model.service.AlunoTests" time="0.417">
    <error message="Failed to execute SQL script statement #1 of class path resource [dataset/usuarios.sql]: INSERT INTO usuario ( id, created, email, tipousuario, disponivel, nome, cpf, nascimento, celular, senha, account_activate_token, account_activate_token_expiration, password_reset_token, password_reset_token_expiration) VALUES ( 1001, now(), &apos;jlenon7@hotmail.com&apos;, 1, false, &apos;João Lenon&apos;, &apos;092.862.989-94&apos;, &apos;12/09/2000&apos;, &apos;(45) 99955-3220&apos;, &apos;$2a$10$bAdAVLvM.k3DqPaPYi0gnO1OffPSHLref8MElAk.u.fFQ17v9YKC2&apos;, &apos;f786c907-032e-451b-ac93-8508dec75a3d&apos;, &apos;2019-12-02&apos;, &apos;f786c907-032e-451b-ac93-8508dec75a3d&apos;, &apos;2019-12-02&apos;), ( 1002, now(), &apos;adryell.silva10@gmail.com&apos;, 2, false, &apos;Adryell Nathann&apos;, &apos;116.506.789-75&apos;, &apos;10/27/2000&apos;, &apos;(45) 99996-4523&apos;, &apos;$2a$10$bAdAVLvM.k3DqPaPYi0gnO1OffPSHLref8MElAk.u.fFQ17v9YKC2&apos;, &apos;f786c907-032e-451b-ac93-8508dec75a3d&apos;, &apos;2019-12-02&apos;, &apos;f786c907-032e-451b-ac93-8508dec75a3d&apos;, &apos;2019-12-02&apos;); nested exception is org.postgresql.util.PSQLException: ERROR: date/time field value out of range: &quot;10/27/2000&quot;&#10;  Dica: Perhaps you need a different &quot;datestyle&quot; setting.&#10;  Posição: 605" type="org.springframework.jdbc.datasource.init.ScriptStatementFailedException">org.springframework.jdbc.datasource.init.ScriptStatementFailedException: 
Failed to execute SQL script statement #1 of class path resource [dataset/usuarios.sql]: INSERT INTO usuario ( id, created, email, tipousuario, disponivel, nome, cpf, nascimento, celular, senha, account_activate_token, account_activate_token_expiration, password_reset_token, password_reset_token_expiration) VALUES ( 1001, now(), 'jlenon7@hotmail.com', 1, false, 'João Lenon', '092.862.989-94', '12/09/2000', '(45) 99955-3220', '$2a$10$bAdAVLvM.k3DqPaPYi0gnO1OffPSHLref8MElAk.u.fFQ17v9YKC2', 'f786c907-032e-451b-ac93-8508dec75a3d', '2019-12-02', 'f786c907-032e-451b-ac93-8508dec75a3d', '2019-12-02'), ( 1002, now(), 'adryell.silva10@gmail.com', 2, false, 'Adryell Nathann', '116.506.789-75', '10/27/2000', '(45) 99996-4523', '$2a$10$bAdAVLvM.k3DqPaPYi0gnO1OffPSHLref8MElAk.u.fFQ17v9YKC2', 'f786c907-032e-451b-ac93-8508dec75a3d', '2019-12-02', 'f786c907-032e-451b-ac93-8508dec75a3d', '2019-12-02'); nested exception is org.postgresql.util.PSQLException: ERROR: date/time field value out of range: "10/27/2000"
  Dica: Perhaps you need a different "datestyle" setting.
  Posição: 605
Caused by: org.postgresql.util.PSQLException: 
ERROR: date/time field value out of range: "10/27/2000"
  Dica: Perhaps you need a different "datestyle" setting.
  Posição: 605
</error>
    <system-out><![CDATA[2019-12-09 22:53:07.173  WARN 7688 --- [           main] o.s.test.context.TestContextManager      : Caught exception while invoking 'beforeTestMethod' callback on TestExecutionListener [org.springframework.test.context.jdbc.SqlScriptsTestExecutionListener@77847718] for test method [public void com.flashcursos.model.service.AlunoTests.atualizarAlunoMustFailCpfDuplicado()] and test instance [com.flashcursos.model.service.AlunoTests@43201f84]

org.springframework.jdbc.datasource.init.ScriptStatementFailedException: Failed to execute SQL script statement #1 of class path resource [dataset/usuarios.sql]: INSERT INTO usuario ( id, created, email, tipousuario, disponivel, nome, cpf, nascimento, celular, senha, account_activate_token, account_activate_token_expiration, password_reset_token, password_reset_token_expiration) VALUES ( 1001, now(), 'jlenon7@hotmail.com', 1, false, 'João Lenon', '092.862.989-94', '12/09/2000', '(45) 99955-3220', '$2a$10$bAdAVLvM.k3DqPaPYi0gnO1OffPSHLref8MElAk.u.fFQ17v9YKC2', 'f786c907-032e-451b-ac93-8508dec75a3d', '2019-12-02', 'f786c907-032e-451b-ac93-8508dec75a3d', '2019-12-02'), ( 1002, now(), 'adryell.silva10@gmail.com', 2, false, 'Adryell Nathann', '116.506.789-75', '10/27/2000', '(45) 99996-4523', '$2a$10$bAdAVLvM.k3DqPaPYi0gnO1OffPSHLref8MElAk.u.fFQ17v9YKC2', 'f786c907-032e-451b-ac93-8508dec75a3d', '2019-12-02', 'f786c907-032e-451b-ac93-8508dec75a3d', '2019-12-02'); nested exception is org.postgresql.util.PSQLException: ERROR: date/time field value out of range: "10/27/2000"
  Dica: Perhaps you need a different "datestyle" setting.
  Posição: 605
	at org.springframework.jdbc.datasource.init.ScriptUtils.executeSqlScript(ScriptUtils.java:509) ~[spring-jdbc-5.1.9.RELEASE.jar:5.1.9.RELEASE]
	at org.springframework.jdbc.datasource.init.ResourceDatabasePopulator.populate(ResourceDatabasePopulator.java:238) ~[spring-jdbc-5.1.9.RELEASE.jar:5.1.9.RELEASE]
	at org.springframework.jdbc.datasource.init.DatabasePopulatorUtils.execute(DatabasePopulatorUtils.java:48) ~[spring-jdbc-5.1.9.RELEASE.jar:5.1.9.RELEASE]
	at org.springframework.jdbc.datasource.init.ResourceDatabasePopulator.execute(ResourceDatabasePopulator.java:253) ~[spring-jdbc-5.1.9.RELEASE.jar:5.1.9.RELEASE]
	at org.springframework.test.context.jdbc.SqlScriptsTestExecutionListener.lambda$executeSqlScripts$3(SqlScriptsTestExecutionListener.java:229) ~[spring-test-5.1.9.RELEASE.jar:5.1.9.RELEASE]
	at org.springframework.transaction.support.TransactionTemplate.execute(TransactionTemplate.java:140) ~[spring-tx-5.1.9.RELEASE.jar:5.1.9.RELEASE]
	at org.springframework.test.context.jdbc.SqlScriptsTestExecutionListener.executeSqlScripts(SqlScriptsTestExecutionListener.java:228) ~[spring-test-5.1.9.RELEASE.jar:5.1.9.RELEASE]
	at org.springframework.test.context.jdbc.SqlScriptsTestExecutionListener.executeSqlScripts(SqlScriptsTestExecutionListener.java:142) ~[spring-test-5.1.9.RELEASE.jar:5.1.9.RELEASE]
	at org.springframework.test.context.jdbc.SqlScriptsTestExecutionListener.beforeTestMethod(SqlScriptsTestExecutionListener.java:112) ~[spring-test-5.1.9.RELEASE.jar:5.1.9.RELEASE]
	at org.springframework.test.context.TestContextManager.beforeTestMethod(TestContextManager.java:291) ~[spring-test-5.1.9.RELEASE.jar:5.1.9.RELEASE]
	at org.springframework.test.context.junit4.statements.RunBeforeTestMethodCallbacks.evaluate(RunBeforeTestMethodCallbacks.java:74) [spring-test-5.1.9.RELEASE.jar:5.1.9.RELEASE]
	at org.springframework.test.context.junit4.statements.RunAfterTestMethodCallbacks.evaluate(RunAfterTestMethodCallbacks.java:86) [spring-test-5.1.9.RELEASE.jar:5.1.9.RELEASE]
	at org.springframework.test.context.junit4.statements.SpringRepeat.evaluate(SpringRepeat.java:84) [spring-test-5.1.9.RELEASE.jar:5.1.9.RELEASE]
	at org.junit.runners.ParentRunner.runLeaf(ParentRunner.java:325) [junit-4.12.jar:4.12]
	at org.springframework.test.context.junit4.SpringJUnit4ClassRunner.runChild(SpringJUnit4ClassRunner.java:251) [spring-test-5.1.9.RELEASE.jar:5.1.9.RELEASE]
	at org.springframework.test.context.junit4.SpringJUnit4ClassRunner.runChild(SpringJUnit4ClassRunner.java:97) [spring-test-5.1.9.RELEASE.jar:5.1.9.RELEASE]
	at org.junit.runners.ParentRunner$3.run(ParentRunner.java:290) [junit-4.12.jar:4.12]
	at org.junit.runners.ParentRunner$1.schedule(ParentRunner.java:71) [junit-4.12.jar:4.12]
	at org.junit.runners.ParentRunner.runChildren(ParentRunner.java:288) [junit-4.12.jar:4.12]
	at org.junit.runners.ParentRunner.access$000(ParentRunner.java:58) [junit-4.12.jar:4.12]
	at org.junit.runners.ParentRunner$2.evaluate(ParentRunner.java:268) [junit-4.12.jar:4.12]
	at org.springframework.test.context.junit4.statements.RunBeforeTestClassCallbacks.evaluate(RunBeforeTestClassCallbacks.java:61) [spring-test-5.1.9.RELEASE.jar:5.1.9.RELEASE]
	at org.springframework.test.context.junit4.statements.RunAfterTestClassCallbacks.evaluate(RunAfterTestClassCallbacks.java:70) [spring-test-5.1.9.RELEASE.jar:5.1.9.RELEASE]
	at org.junit.runners.ParentRunner.run(ParentRunner.java:363) [junit-4.12.jar:4.12]
	at org.springframework.test.context.junit4.SpringJUnit4ClassRunner.run(SpringJUnit4ClassRunner.java:190) [spring-test-5.1.9.RELEASE.jar:5.1.9.RELEASE]
	at org.apache.maven.surefire.junit4.JUnit4Provider.execute(JUnit4Provider.java:365) [surefire-junit4-2.22.2.jar:2.22.2]
	at org.apache.maven.surefire.junit4.JUnit4Provider.executeWithRerun(JUnit4Provider.java:273) [surefire-junit4-2.22.2.jar:2.22.2]
	at org.apache.maven.surefire.junit4.JUnit4Provider.executeTestSet(JUnit4Provider.java:238) [surefire-junit4-2.22.2.jar:2.22.2]
	at org.apache.maven.surefire.junit4.JUnit4Provider.invoke(JUnit4Provider.java:159) [surefire-junit4-2.22.2.jar:2.22.2]
	at org.apache.maven.surefire.booter.ForkedBooter.invokeProviderInSameClassLoader(ForkedBooter.java:384) [surefire-booter-2.22.2.jar:2.22.2]
	at org.apache.maven.surefire.booter.ForkedBooter.runSuitesInProcess(ForkedBooter.java:345) [surefire-booter-2.22.2.jar:2.22.2]
	at org.apache.maven.surefire.booter.ForkedBooter.execute(ForkedBooter.java:126) [surefire-booter-2.22.2.jar:2.22.2]
	at org.apache.maven.surefire.booter.ForkedBooter.main(ForkedBooter.java:418) [surefire-booter-2.22.2.jar:2.22.2]
Caused by: org.postgresql.util.PSQLException: ERROR: date/time field value out of range: "10/27/2000"
  Dica: Perhaps you need a different "datestyle" setting.
  Posição: 605
	at org.postgresql.core.v3.QueryExecutorImpl.receiveErrorResponse(QueryExecutorImpl.java:2497) ~[postgresql-42.2.8.jar:42.2.8]
	at org.postgresql.core.v3.QueryExecutorImpl.processResults(QueryExecutorImpl.java:2233) ~[postgresql-42.2.8.jar:42.2.8]
	at org.postgresql.core.v3.QueryExecutorImpl.execute(QueryExecutorImpl.java:310) ~[postgresql-42.2.8.jar:42.2.8]
	at org.postgresql.jdbc.PgStatement.executeInternal(PgStatement.java:446) ~[postgresql-42.2.8.jar:42.2.8]
	at org.postgresql.jdbc.PgStatement.execute(PgStatement.java:370) ~[postgresql-42.2.8.jar:42.2.8]
	at org.postgresql.jdbc.PgStatement.executeWithFlags(PgStatement.java:311) ~[postgresql-42.2.8.jar:42.2.8]
	at org.postgresql.jdbc.PgStatement.executeCachedSql(PgStatement.java:297) ~[postgresql-42.2.8.jar:42.2.8]
	at org.postgresql.jdbc.PgStatement.executeWithFlags(PgStatement.java:274) ~[postgresql-42.2.8.jar:42.2.8]
	at org.postgresql.jdbc.PgStatement.execute(PgStatement.java:269) ~[postgresql-42.2.8.jar:42.2.8]
	at com.zaxxer.hikari.pool.ProxyStatement.execute(ProxyStatement.java:95) ~[HikariCP-3.2.0.jar:na]
	at com.zaxxer.hikari.pool.HikariProxyStatement.execute(HikariProxyStatement.java) ~[HikariCP-3.2.0.jar:na]
	at org.springframework.jdbc.datasource.init.ScriptUtils.executeSqlScript(ScriptUtils.java:488) ~[spring-jdbc-5.1.9.RELEASE.jar:5.1.9.RELEASE]
	... 32 common frames omitted

]]></system-out>
  </testcase>
  <testcase name="detalharAlunoMustFailIdNaoExiste" classname="com.flashcursos.model.service.AlunoTests" time="0.592">
    <error message="Failed to execute SQL script statement #1 of class path resource [dataset/usuarios.sql]: INSERT INTO usuario ( id, created, email, tipousuario, disponivel, nome, cpf, nascimento, celular, senha, account_activate_token, account_activate_token_expiration, password_reset_token, password_reset_token_expiration) VALUES ( 1001, now(), &apos;jlenon7@hotmail.com&apos;, 1, false, &apos;João Lenon&apos;, &apos;092.862.989-94&apos;, &apos;12/09/2000&apos;, &apos;(45) 99955-3220&apos;, &apos;$2a$10$bAdAVLvM.k3DqPaPYi0gnO1OffPSHLref8MElAk.u.fFQ17v9YKC2&apos;, &apos;f786c907-032e-451b-ac93-8508dec75a3d&apos;, &apos;2019-12-02&apos;, &apos;f786c907-032e-451b-ac93-8508dec75a3d&apos;, &apos;2019-12-02&apos;), ( 1002, now(), &apos;adryell.silva10@gmail.com&apos;, 2, false, &apos;Adryell Nathann&apos;, &apos;116.506.789-75&apos;, &apos;10/27/2000&apos;, &apos;(45) 99996-4523&apos;, &apos;$2a$10$bAdAVLvM.k3DqPaPYi0gnO1OffPSHLref8MElAk.u.fFQ17v9YKC2&apos;, &apos;f786c907-032e-451b-ac93-8508dec75a3d&apos;, &apos;2019-12-02&apos;, &apos;f786c907-032e-451b-ac93-8508dec75a3d&apos;, &apos;2019-12-02&apos;); nested exception is org.postgresql.util.PSQLException: ERROR: date/time field value out of range: &quot;10/27/2000&quot;&#10;  Dica: Perhaps you need a different &quot;datestyle&quot; setting.&#10;  Posição: 605" type="org.springframework.jdbc.datasource.init.ScriptStatementFailedException">org.springframework.jdbc.datasource.init.ScriptStatementFailedException: 
Failed to execute SQL script statement #1 of class path resource [dataset/usuarios.sql]: INSERT INTO usuario ( id, created, email, tipousuario, disponivel, nome, cpf, nascimento, celular, senha, account_activate_token, account_activate_token_expiration, password_reset_token, password_reset_token_expiration) VALUES ( 1001, now(), 'jlenon7@hotmail.com', 1, false, 'João Lenon', '092.862.989-94', '12/09/2000', '(45) 99955-3220', '$2a$10$bAdAVLvM.k3DqPaPYi0gnO1OffPSHLref8MElAk.u.fFQ17v9YKC2', 'f786c907-032e-451b-ac93-8508dec75a3d', '2019-12-02', 'f786c907-032e-451b-ac93-8508dec75a3d', '2019-12-02'), ( 1002, now(), 'adryell.silva10@gmail.com', 2, false, 'Adryell Nathann', '116.506.789-75', '10/27/2000', '(45) 99996-4523', '$2a$10$bAdAVLvM.k3DqPaPYi0gnO1OffPSHLref8MElAk.u.fFQ17v9YKC2', 'f786c907-032e-451b-ac93-8508dec75a3d', '2019-12-02', 'f786c907-032e-451b-ac93-8508dec75a3d', '2019-12-02'); nested exception is org.postgresql.util.PSQLException: ERROR: date/time field value out of range: "10/27/2000"
  Dica: Perhaps you need a different "datestyle" setting.
  Posição: 605
Caused by: org.postgresql.util.PSQLException: 
ERROR: date/time field value out of range: "10/27/2000"
  Dica: Perhaps you need a different "datestyle" setting.
  Posição: 605
</error>
    <system-out><![CDATA[2019-12-09 22:53:07.765  WARN 7688 --- [           main] o.s.test.context.TestContextManager      : Caught exception while invoking 'beforeTestMethod' callback on TestExecutionListener [org.springframework.test.context.jdbc.SqlScriptsTestExecutionListener@77847718] for test method [public void com.flashcursos.model.service.AlunoTests.detalharAlunoMustFailIdNaoExiste()] and test instance [com.flashcursos.model.service.AlunoTests@5ec3689b]

org.springframework.jdbc.datasource.init.ScriptStatementFailedException: Failed to execute SQL script statement #1 of class path resource [dataset/usuarios.sql]: INSERT INTO usuario ( id, created, email, tipousuario, disponivel, nome, cpf, nascimento, celular, senha, account_activate_token, account_activate_token_expiration, password_reset_token, password_reset_token_expiration) VALUES ( 1001, now(), 'jlenon7@hotmail.com', 1, false, 'João Lenon', '092.862.989-94', '12/09/2000', '(45) 99955-3220', '$2a$10$bAdAVLvM.k3DqPaPYi0gnO1OffPSHLref8MElAk.u.fFQ17v9YKC2', 'f786c907-032e-451b-ac93-8508dec75a3d', '2019-12-02', 'f786c907-032e-451b-ac93-8508dec75a3d', '2019-12-02'), ( 1002, now(), 'adryell.silva10@gmail.com', 2, false, 'Adryell Nathann', '116.506.789-75', '10/27/2000', '(45) 99996-4523', '$2a$10$bAdAVLvM.k3DqPaPYi0gnO1OffPSHLref8MElAk.u.fFQ17v9YKC2', 'f786c907-032e-451b-ac93-8508dec75a3d', '2019-12-02', 'f786c907-032e-451b-ac93-8508dec75a3d', '2019-12-02'); nested exception is org.postgresql.util.PSQLException: ERROR: date/time field value out of range: "10/27/2000"
  Dica: Perhaps you need a different "datestyle" setting.
  Posição: 605
	at org.springframework.jdbc.datasource.init.ScriptUtils.executeSqlScript(ScriptUtils.java:509) ~[spring-jdbc-5.1.9.RELEASE.jar:5.1.9.RELEASE]
	at org.springframework.jdbc.datasource.init.ResourceDatabasePopulator.populate(ResourceDatabasePopulator.java:238) ~[spring-jdbc-5.1.9.RELEASE.jar:5.1.9.RELEASE]
	at org.springframework.jdbc.datasource.init.DatabasePopulatorUtils.execute(DatabasePopulatorUtils.java:48) ~[spring-jdbc-5.1.9.RELEASE.jar:5.1.9.RELEASE]
	at org.springframework.jdbc.datasource.init.ResourceDatabasePopulator.execute(ResourceDatabasePopulator.java:253) ~[spring-jdbc-5.1.9.RELEASE.jar:5.1.9.RELEASE]
	at org.springframework.test.context.jdbc.SqlScriptsTestExecutionListener.lambda$executeSqlScripts$3(SqlScriptsTestExecutionListener.java:229) ~[spring-test-5.1.9.RELEASE.jar:5.1.9.RELEASE]
	at org.springframework.transaction.support.TransactionTemplate.execute(TransactionTemplate.java:140) ~[spring-tx-5.1.9.RELEASE.jar:5.1.9.RELEASE]
	at org.springframework.test.context.jdbc.SqlScriptsTestExecutionListener.executeSqlScripts(SqlScriptsTestExecutionListener.java:228) ~[spring-test-5.1.9.RELEASE.jar:5.1.9.RELEASE]
	at org.springframework.test.context.jdbc.SqlScriptsTestExecutionListener.executeSqlScripts(SqlScriptsTestExecutionListener.java:142) ~[spring-test-5.1.9.RELEASE.jar:5.1.9.RELEASE]
	at org.springframework.test.context.jdbc.SqlScriptsTestExecutionListener.beforeTestMethod(SqlScriptsTestExecutionListener.java:112) ~[spring-test-5.1.9.RELEASE.jar:5.1.9.RELEASE]
	at org.springframework.test.context.TestContextManager.beforeTestMethod(TestContextManager.java:291) ~[spring-test-5.1.9.RELEASE.jar:5.1.9.RELEASE]
	at org.springframework.test.context.junit4.statements.RunBeforeTestMethodCallbacks.evaluate(RunBeforeTestMethodCallbacks.java:74) [spring-test-5.1.9.RELEASE.jar:5.1.9.RELEASE]
	at org.springframework.test.context.junit4.statements.RunAfterTestMethodCallbacks.evaluate(RunAfterTestMethodCallbacks.java:86) [spring-test-5.1.9.RELEASE.jar:5.1.9.RELEASE]
	at org.springframework.test.context.junit4.statements.SpringRepeat.evaluate(SpringRepeat.java:84) [spring-test-5.1.9.RELEASE.jar:5.1.9.RELEASE]
	at org.junit.runners.ParentRunner.runLeaf(ParentRunner.java:325) [junit-4.12.jar:4.12]
	at org.springframework.test.context.junit4.SpringJUnit4ClassRunner.runChild(SpringJUnit4ClassRunner.java:251) [spring-test-5.1.9.RELEASE.jar:5.1.9.RELEASE]
	at org.springframework.test.context.junit4.SpringJUnit4ClassRunner.runChild(SpringJUnit4ClassRunner.java:97) [spring-test-5.1.9.RELEASE.jar:5.1.9.RELEASE]
	at org.junit.runners.ParentRunner$3.run(ParentRunner.java:290) [junit-4.12.jar:4.12]
	at org.junit.runners.ParentRunner$1.schedule(ParentRunner.java:71) [junit-4.12.jar:4.12]
	at org.junit.runners.ParentRunner.runChildren(ParentRunner.java:288) [junit-4.12.jar:4.12]
	at org.junit.runners.ParentRunner.access$000(ParentRunner.java:58) [junit-4.12.jar:4.12]
	at org.junit.runners.ParentRunner$2.evaluate(ParentRunner.java:268) [junit-4.12.jar:4.12]
	at org.springframework.test.context.junit4.statements.RunBeforeTestClassCallbacks.evaluate(RunBeforeTestClassCallbacks.java:61) [spring-test-5.1.9.RELEASE.jar:5.1.9.RELEASE]
	at org.springframework.test.context.junit4.statements.RunAfterTestClassCallbacks.evaluate(RunAfterTestClassCallbacks.java:70) [spring-test-5.1.9.RELEASE.jar:5.1.9.RELEASE]
	at org.junit.runners.ParentRunner.run(ParentRunner.java:363) [junit-4.12.jar:4.12]
	at org.springframework.test.context.junit4.SpringJUnit4ClassRunner.run(SpringJUnit4ClassRunner.java:190) [spring-test-5.1.9.RELEASE.jar:5.1.9.RELEASE]
	at org.apache.maven.surefire.junit4.JUnit4Provider.execute(JUnit4Provider.java:365) [surefire-junit4-2.22.2.jar:2.22.2]
	at org.apache.maven.surefire.junit4.JUnit4Provider.executeWithRerun(JUnit4Provider.java:273) [surefire-junit4-2.22.2.jar:2.22.2]
	at org.apache.maven.surefire.junit4.JUnit4Provider.executeTestSet(JUnit4Provider.java:238) [surefire-junit4-2.22.2.jar:2.22.2]
	at org.apache.maven.surefire.junit4.JUnit4Provider.invoke(JUnit4Provider.java:159) [surefire-junit4-2.22.2.jar:2.22.2]
	at org.apache.maven.surefire.booter.ForkedBooter.invokeProviderInSameClassLoader(ForkedBooter.java:384) [surefire-booter-2.22.2.jar:2.22.2]
	at org.apache.maven.surefire.booter.ForkedBooter.runSuitesInProcess(ForkedBooter.java:345) [surefire-booter-2.22.2.jar:2.22.2]
	at org.apache.maven.surefire.booter.ForkedBooter.execute(ForkedBooter.java:126) [surefire-booter-2.22.2.jar:2.22.2]
	at org.apache.maven.surefire.booter.ForkedBooter.main(ForkedBooter.java:418) [surefire-booter-2.22.2.jar:2.22.2]
Caused by: org.postgresql.util.PSQLException: ERROR: date/time field value out of range: "10/27/2000"
  Dica: Perhaps you need a different "datestyle" setting.
  Posição: 605
	at org.postgresql.core.v3.QueryExecutorImpl.receiveErrorResponse(QueryExecutorImpl.java:2497) ~[postgresql-42.2.8.jar:42.2.8]
	at org.postgresql.core.v3.QueryExecutorImpl.processResults(QueryExecutorImpl.java:2233) ~[postgresql-42.2.8.jar:42.2.8]
	at org.postgresql.core.v3.QueryExecutorImpl.execute(QueryExecutorImpl.java:310) ~[postgresql-42.2.8.jar:42.2.8]
	at org.postgresql.jdbc.PgStatement.executeInternal(PgStatement.java:446) ~[postgresql-42.2.8.jar:42.2.8]
	at org.postgresql.jdbc.PgStatement.execute(PgStatement.java:370) ~[postgresql-42.2.8.jar:42.2.8]
	at org.postgresql.jdbc.PgStatement.executeWithFlags(PgStatement.java:311) ~[postgresql-42.2.8.jar:42.2.8]
	at org.postgresql.jdbc.PgStatement.executeCachedSql(PgStatement.java:297) ~[postgresql-42.2.8.jar:42.2.8]
	at org.postgresql.jdbc.PgStatement.executeWithFlags(PgStatement.java:274) ~[postgresql-42.2.8.jar:42.2.8]
	at org.postgresql.jdbc.PgStatement.execute(PgStatement.java:269) ~[postgresql-42.2.8.jar:42.2.8]
	at com.zaxxer.hikari.pool.ProxyStatement.execute(ProxyStatement.java:95) ~[HikariCP-3.2.0.jar:na]
	at com.zaxxer.hikari.pool.HikariProxyStatement.execute(HikariProxyStatement.java) ~[HikariCP-3.2.0.jar:na]
	at org.springframework.jdbc.datasource.init.ScriptUtils.executeSqlScript(ScriptUtils.java:488) ~[spring-jdbc-5.1.9.RELEASE.jar:5.1.9.RELEASE]
	... 32 common frames omitted

]]></system-out>
  </testcase>
  <testcase name="removerAlunoMatriculadoMustFailIdNaoExiste" classname="com.flashcursos.model.service.AlunoTests" time="0.607">
    <error message="Failed to execute SQL script statement #1 of class path resource [dataset/usuarios.sql]: INSERT INTO usuario ( id, created, email, tipousuario, disponivel, nome, cpf, nascimento, celular, senha, account_activate_token, account_activate_token_expiration, password_reset_token, password_reset_token_expiration) VALUES ( 1001, now(), &apos;jlenon7@hotmail.com&apos;, 1, false, &apos;João Lenon&apos;, &apos;092.862.989-94&apos;, &apos;12/09/2000&apos;, &apos;(45) 99955-3220&apos;, &apos;$2a$10$bAdAVLvM.k3DqPaPYi0gnO1OffPSHLref8MElAk.u.fFQ17v9YKC2&apos;, &apos;f786c907-032e-451b-ac93-8508dec75a3d&apos;, &apos;2019-12-02&apos;, &apos;f786c907-032e-451b-ac93-8508dec75a3d&apos;, &apos;2019-12-02&apos;), ( 1002, now(), &apos;adryell.silva10@gmail.com&apos;, 2, false, &apos;Adryell Nathann&apos;, &apos;116.506.789-75&apos;, &apos;10/27/2000&apos;, &apos;(45) 99996-4523&apos;, &apos;$2a$10$bAdAVLvM.k3DqPaPYi0gnO1OffPSHLref8MElAk.u.fFQ17v9YKC2&apos;, &apos;f786c907-032e-451b-ac93-8508dec75a3d&apos;, &apos;2019-12-02&apos;, &apos;f786c907-032e-451b-ac93-8508dec75a3d&apos;, &apos;2019-12-02&apos;); nested exception is org.postgresql.util.PSQLException: ERROR: date/time field value out of range: &quot;10/27/2000&quot;&#10;  Dica: Perhaps you need a different &quot;datestyle&quot; setting.&#10;  Posição: 605" type="org.springframework.jdbc.datasource.init.ScriptStatementFailedException">org.springframework.jdbc.datasource.init.ScriptStatementFailedException: 
Failed to execute SQL script statement #1 of class path resource [dataset/usuarios.sql]: INSERT INTO usuario ( id, created, email, tipousuario, disponivel, nome, cpf, nascimento, celular, senha, account_activate_token, account_activate_token_expiration, password_reset_token, password_reset_token_expiration) VALUES ( 1001, now(), 'jlenon7@hotmail.com', 1, false, 'João Lenon', '092.862.989-94', '12/09/2000', '(45) 99955-3220', '$2a$10$bAdAVLvM.k3DqPaPYi0gnO1OffPSHLref8MElAk.u.fFQ17v9YKC2', 'f786c907-032e-451b-ac93-8508dec75a3d', '2019-12-02', 'f786c907-032e-451b-ac93-8508dec75a3d', '2019-12-02'), ( 1002, now(), 'adryell.silva10@gmail.com', 2, false, 'Adryell Nathann', '116.506.789-75', '10/27/2000', '(45) 99996-4523', '$2a$10$bAdAVLvM.k3DqPaPYi0gnO1OffPSHLref8MElAk.u.fFQ17v9YKC2', 'f786c907-032e-451b-ac93-8508dec75a3d', '2019-12-02', 'f786c907-032e-451b-ac93-8508dec75a3d', '2019-12-02'); nested exception is org.postgresql.util.PSQLException: ERROR: date/time field value out of range: "10/27/2000"
  Dica: Perhaps you need a different "datestyle" setting.
  Posição: 605
Caused by: org.postgresql.util.PSQLException: 
ERROR: date/time field value out of range: "10/27/2000"
  Dica: Perhaps you need a different "datestyle" setting.
  Posição: 605
</error>
    <system-out><![CDATA[2019-12-09 22:53:08.312  WARN 7688 --- [           main] o.s.test.context.TestContextManager      : Caught exception while invoking 'beforeTestMethod' callback on TestExecutionListener [org.springframework.test.context.jdbc.SqlScriptsTestExecutionListener@77847718] for test method [public void com.flashcursos.model.service.AlunoTests.removerAlunoMatriculadoMustFailIdNaoExiste()] and test instance [com.flashcursos.model.service.AlunoTests@58fbfefb]

org.springframework.jdbc.datasource.init.ScriptStatementFailedException: Failed to execute SQL script statement #1 of class path resource [dataset/usuarios.sql]: INSERT INTO usuario ( id, created, email, tipousuario, disponivel, nome, cpf, nascimento, celular, senha, account_activate_token, account_activate_token_expiration, password_reset_token, password_reset_token_expiration) VALUES ( 1001, now(), 'jlenon7@hotmail.com', 1, false, 'João Lenon', '092.862.989-94', '12/09/2000', '(45) 99955-3220', '$2a$10$bAdAVLvM.k3DqPaPYi0gnO1OffPSHLref8MElAk.u.fFQ17v9YKC2', 'f786c907-032e-451b-ac93-8508dec75a3d', '2019-12-02', 'f786c907-032e-451b-ac93-8508dec75a3d', '2019-12-02'), ( 1002, now(), 'adryell.silva10@gmail.com', 2, false, 'Adryell Nathann', '116.506.789-75', '10/27/2000', '(45) 99996-4523', '$2a$10$bAdAVLvM.k3DqPaPYi0gnO1OffPSHLref8MElAk.u.fFQ17v9YKC2', 'f786c907-032e-451b-ac93-8508dec75a3d', '2019-12-02', 'f786c907-032e-451b-ac93-8508dec75a3d', '2019-12-02'); nested exception is org.postgresql.util.PSQLException: ERROR: date/time field value out of range: "10/27/2000"
  Dica: Perhaps you need a different "datestyle" setting.
  Posição: 605
	at org.springframework.jdbc.datasource.init.ScriptUtils.executeSqlScript(ScriptUtils.java:509) ~[spring-jdbc-5.1.9.RELEASE.jar:5.1.9.RELEASE]
	at org.springframework.jdbc.datasource.init.ResourceDatabasePopulator.populate(ResourceDatabasePopulator.java:238) ~[spring-jdbc-5.1.9.RELEASE.jar:5.1.9.RELEASE]
	at org.springframework.jdbc.datasource.init.DatabasePopulatorUtils.execute(DatabasePopulatorUtils.java:48) ~[spring-jdbc-5.1.9.RELEASE.jar:5.1.9.RELEASE]
	at org.springframework.jdbc.datasource.init.ResourceDatabasePopulator.execute(ResourceDatabasePopulator.java:253) ~[spring-jdbc-5.1.9.RELEASE.jar:5.1.9.RELEASE]
	at org.springframework.test.context.jdbc.SqlScriptsTestExecutionListener.lambda$executeSqlScripts$3(SqlScriptsTestExecutionListener.java:229) ~[spring-test-5.1.9.RELEASE.jar:5.1.9.RELEASE]
	at org.springframework.transaction.support.TransactionTemplate.execute(TransactionTemplate.java:140) ~[spring-tx-5.1.9.RELEASE.jar:5.1.9.RELEASE]
	at org.springframework.test.context.jdbc.SqlScriptsTestExecutionListener.executeSqlScripts(SqlScriptsTestExecutionListener.java:228) ~[spring-test-5.1.9.RELEASE.jar:5.1.9.RELEASE]
	at org.springframework.test.context.jdbc.SqlScriptsTestExecutionListener.executeSqlScripts(SqlScriptsTestExecutionListener.java:142) ~[spring-test-5.1.9.RELEASE.jar:5.1.9.RELEASE]
	at org.springframework.test.context.jdbc.SqlScriptsTestExecutionListener.beforeTestMethod(SqlScriptsTestExecutionListener.java:112) ~[spring-test-5.1.9.RELEASE.jar:5.1.9.RELEASE]
	at org.springframework.test.context.TestContextManager.beforeTestMethod(TestContextManager.java:291) ~[spring-test-5.1.9.RELEASE.jar:5.1.9.RELEASE]
	at org.springframework.test.context.junit4.statements.RunBeforeTestMethodCallbacks.evaluate(RunBeforeTestMethodCallbacks.java:74) [spring-test-5.1.9.RELEASE.jar:5.1.9.RELEASE]
	at org.springframework.test.context.junit4.statements.RunAfterTestMethodCallbacks.evaluate(RunAfterTestMethodCallbacks.java:86) [spring-test-5.1.9.RELEASE.jar:5.1.9.RELEASE]
	at org.springframework.test.context.junit4.statements.SpringRepeat.evaluate(SpringRepeat.java:84) [spring-test-5.1.9.RELEASE.jar:5.1.9.RELEASE]
	at org.junit.runners.ParentRunner.runLeaf(ParentRunner.java:325) [junit-4.12.jar:4.12]
	at org.springframework.test.context.junit4.SpringJUnit4ClassRunner.runChild(SpringJUnit4ClassRunner.java:251) [spring-test-5.1.9.RELEASE.jar:5.1.9.RELEASE]
	at org.springframework.test.context.junit4.SpringJUnit4ClassRunner.runChild(SpringJUnit4ClassRunner.java:97) [spring-test-5.1.9.RELEASE.jar:5.1.9.RELEASE]
	at org.junit.runners.ParentRunner$3.run(ParentRunner.java:290) [junit-4.12.jar:4.12]
	at org.junit.runners.ParentRunner$1.schedule(ParentRunner.java:71) [junit-4.12.jar:4.12]
	at org.junit.runners.ParentRunner.runChildren(ParentRunner.java:288) [junit-4.12.jar:4.12]
	at org.junit.runners.ParentRunner.access$000(ParentRunner.java:58) [junit-4.12.jar:4.12]
	at org.junit.runners.ParentRunner$2.evaluate(ParentRunner.java:268) [junit-4.12.jar:4.12]
	at org.springframework.test.context.junit4.statements.RunBeforeTestClassCallbacks.evaluate(RunBeforeTestClassCallbacks.java:61) [spring-test-5.1.9.RELEASE.jar:5.1.9.RELEASE]
	at org.springframework.test.context.junit4.statements.RunAfterTestClassCallbacks.evaluate(RunAfterTestClassCallbacks.java:70) [spring-test-5.1.9.RELEASE.jar:5.1.9.RELEASE]
	at org.junit.runners.ParentRunner.run(ParentRunner.java:363) [junit-4.12.jar:4.12]
	at org.springframework.test.context.junit4.SpringJUnit4ClassRunner.run(SpringJUnit4ClassRunner.java:190) [spring-test-5.1.9.RELEASE.jar:5.1.9.RELEASE]
	at org.apache.maven.surefire.junit4.JUnit4Provider.execute(JUnit4Provider.java:365) [surefire-junit4-2.22.2.jar:2.22.2]
	at org.apache.maven.surefire.junit4.JUnit4Provider.executeWithRerun(JUnit4Provider.java:273) [surefire-junit4-2.22.2.jar:2.22.2]
	at org.apache.maven.surefire.junit4.JUnit4Provider.executeTestSet(JUnit4Provider.java:238) [surefire-junit4-2.22.2.jar:2.22.2]
	at org.apache.maven.surefire.junit4.JUnit4Provider.invoke(JUnit4Provider.java:159) [surefire-junit4-2.22.2.jar:2.22.2]
	at org.apache.maven.surefire.booter.ForkedBooter.invokeProviderInSameClassLoader(ForkedBooter.java:384) [surefire-booter-2.22.2.jar:2.22.2]
	at org.apache.maven.surefire.booter.ForkedBooter.runSuitesInProcess(ForkedBooter.java:345) [surefire-booter-2.22.2.jar:2.22.2]
	at org.apache.maven.surefire.booter.ForkedBooter.execute(ForkedBooter.java:126) [surefire-booter-2.22.2.jar:2.22.2]
	at org.apache.maven.surefire.booter.ForkedBooter.main(ForkedBooter.java:418) [surefire-booter-2.22.2.jar:2.22.2]
Caused by: org.postgresql.util.PSQLException: ERROR: date/time field value out of range: "10/27/2000"
  Dica: Perhaps you need a different "datestyle" setting.
  Posição: 605
	at org.postgresql.core.v3.QueryExecutorImpl.receiveErrorResponse(QueryExecutorImpl.java:2497) ~[postgresql-42.2.8.jar:42.2.8]
	at org.postgresql.core.v3.QueryExecutorImpl.processResults(QueryExecutorImpl.java:2233) ~[postgresql-42.2.8.jar:42.2.8]
	at org.postgresql.core.v3.QueryExecutorImpl.execute(QueryExecutorImpl.java:310) ~[postgresql-42.2.8.jar:42.2.8]
	at org.postgresql.jdbc.PgStatement.executeInternal(PgStatement.java:446) ~[postgresql-42.2.8.jar:42.2.8]
	at org.postgresql.jdbc.PgStatement.execute(PgStatement.java:370) ~[postgresql-42.2.8.jar:42.2.8]
	at org.postgresql.jdbc.PgStatement.executeWithFlags(PgStatement.java:311) ~[postgresql-42.2.8.jar:42.2.8]
	at org.postgresql.jdbc.PgStatement.executeCachedSql(PgStatement.java:297) ~[postgresql-42.2.8.jar:42.2.8]
	at org.postgresql.jdbc.PgStatement.executeWithFlags(PgStatement.java:274) ~[postgresql-42.2.8.jar:42.2.8]
	at org.postgresql.jdbc.PgStatement.execute(PgStatement.java:269) ~[postgresql-42.2.8.jar:42.2.8]
	at com.zaxxer.hikari.pool.ProxyStatement.execute(ProxyStatement.java:95) ~[HikariCP-3.2.0.jar:na]
	at com.zaxxer.hikari.pool.HikariProxyStatement.execute(HikariProxyStatement.java) ~[HikariCP-3.2.0.jar:na]
	at org.springframework.jdbc.datasource.init.ScriptUtils.executeSqlScript(ScriptUtils.java:488) ~[spring-jdbc-5.1.9.RELEASE.jar:5.1.9.RELEASE]
	... 32 common frames omitted

]]></system-out>
  </testcase>
  <testcase name="atualizarAlunoMustFailNomeEmBranco" classname="com.flashcursos.model.service.AlunoTests" time="0.352">
    <error message="Failed to execute SQL script statement #1 of class path resource [dataset/usuarios.sql]: INSERT INTO usuario ( id, created, email, tipousuario, disponivel, nome, cpf, nascimento, celular, senha, account_activate_token, account_activate_token_expiration, password_reset_token, password_reset_token_expiration) VALUES ( 1001, now(), &apos;jlenon7@hotmail.com&apos;, 1, false, &apos;João Lenon&apos;, &apos;092.862.989-94&apos;, &apos;12/09/2000&apos;, &apos;(45) 99955-3220&apos;, &apos;$2a$10$bAdAVLvM.k3DqPaPYi0gnO1OffPSHLref8MElAk.u.fFQ17v9YKC2&apos;, &apos;f786c907-032e-451b-ac93-8508dec75a3d&apos;, &apos;2019-12-02&apos;, &apos;f786c907-032e-451b-ac93-8508dec75a3d&apos;, &apos;2019-12-02&apos;), ( 1002, now(), &apos;adryell.silva10@gmail.com&apos;, 2, false, &apos;Adryell Nathann&apos;, &apos;116.506.789-75&apos;, &apos;10/27/2000&apos;, &apos;(45) 99996-4523&apos;, &apos;$2a$10$bAdAVLvM.k3DqPaPYi0gnO1OffPSHLref8MElAk.u.fFQ17v9YKC2&apos;, &apos;f786c907-032e-451b-ac93-8508dec75a3d&apos;, &apos;2019-12-02&apos;, &apos;f786c907-032e-451b-ac93-8508dec75a3d&apos;, &apos;2019-12-02&apos;); nested exception is org.postgresql.util.PSQLException: ERROR: date/time field value out of range: &quot;10/27/2000&quot;&#10;  Dica: Perhaps you need a different &quot;datestyle&quot; setting.&#10;  Posição: 605" type="org.springframework.jdbc.datasource.init.ScriptStatementFailedException">org.springframework.jdbc.datasource.init.ScriptStatementFailedException: 
[...]
Failed to execute SQL script statement #1 of class path resource [dataset/usuarios.sql]: INSERT INTO usuario ( id, created, email, tipousuario, disponivel, nome, cpf, nascimento, celular, senha, account_activate_token, account_activate_token_expiration, password_reset_token, password_reset_token_expiration) VALUES ( 1001, now(), 'jlenon7@hotmail.com', 1, false, 'João Lenon', '092.862.989-94', '12/09/2000', '(45) 99955-3220', '$2a$10$bAdAVLvM.k3DqPaPYi0gnO1OffPSHLref8MElAk.u.fFQ17v9YKC2', 'f786c907-032e-451b-ac93-8508dec75a3d', '2019-12-02', 'f786c907-032e-451b-ac93-8508dec75a3d', '2019-12-02'), ( 1002, now(), 'adryell.silva10@gmail.com', 2, false, 'Adryell Nathann', '116.506.789-75', '10/27/2000', '(45) 99996-4523', '$2a$10$bAdAVLvM.k3DqPaPYi0gnO1OffPSHLref8MElAk.u.fFQ17v9YKC2', 'f786c907-032e-451b-ac93-8508dec75a3d', '2019-12-02', 'f786c907-032e-451b-ac93-8508dec75a3d', '2019-12-02'); nested exception is org.postgresql.util.PSQLException: ERROR: date/time field value out of range: "10/27/2000"
  Dica: Perhaps you need a different "datestyle" setting.
  Posição: 605
Caused by: org.postgresql.util.PSQLException: 
ERROR: date/time field value out of range: "10/27/2000"
  Dica: Perhaps you need a different "datestyle" setting.
  Posição: 605
</error>
    <system-out><![CDATA[2019-12-09 22:53:11.617  WARN 7688 --- [           main] o.s.test.context.TestContextManager      : Caught exception while invoking 'beforeTestMethod' callback on TestExecutionListener [org.springframework.test.context.jdbc.SqlScriptsTestExecutionListener@77847718] for test method [public void com.flashcursos.model.service.AlunoTests.removerAlunoMustFailIdNaoExiste()] and test instance [com.flashcursos.model.service.AlunoTests@73417494]

org.springframework.jdbc.datasource.init.ScriptStatementFailedException: Failed to execute SQL script statement #1 of class path resource [dataset/usuarios.sql]: INSERT INTO usuario ( id, created, email, tipousuario, disponivel, nome, cpf, nascimento, celular, senha, account_activate_token, account_activate_token_expiration, password_reset_token, password_reset_token_expiration) VALUES ( 1001, now(), 'jlenon7@hotmail.com', 1, false, 'João Lenon', '092.862.989-94', '12/09/2000', '(45) 99955-3220', '$2a$10$bAdAVLvM.k3DqPaPYi0gnO1OffPSHLref8MElAk.u.fFQ17v9YKC2', 'f786c907-032e-451b-ac93-8508dec75a3d', '2019-12-02', 'f786c907-032e-451b-ac93-8508dec75a3d', '2019-12-02'), ( 1002, now(), 'adryell.silva10@gmail.com', 2, false, 'Adryell Nathann', '116.506.789-75', '10/27/2000', '(45) 99996-4523', '$2a$10$bAdAVLvM.k3DqPaPYi0gnO1OffPSHLref8MElAk.u.fFQ17v9YKC2', 'f786c907-032e-451b-ac93-8508dec75a3d', '2019-12-02', 'f786c907-032e-451b-ac93-8508dec75a3d', '2019-12-02'); nested exception is org.postgresql.util.PSQLException: ERROR: date/time field value out of range: "10/27/2000"
  Dica: Perhaps you need a different "datestyle" setting.
  Posição: 605
	at org.springframework.jdbc.datasource.init.ScriptUtils.executeSqlScript(ScriptUtils.java:509) ~[spring-jdbc-5.1.9.RELEASE.jar:5.1.9.RELEASE]
	at org.springframework.jdbc.datasource.init.ResourceDatabasePopulator.populate(ResourceDatabasePopulator.java:238) ~[spring-jdbc-5.1.9.RELEASE.jar:5.1.9.RELEASE]
	at org.springframework.jdbc.datasource.init.DatabasePopulatorUtils.execute(DatabasePopulatorUtils.java:48) ~[spring-jdbc-5.1.9.RELEASE.jar:5.1.9.RELEASE]
	at org.springframework.jdbc.datasource.init.ResourceDatabasePopulator.execute(ResourceDatabasePopulator.java:253) ~[spring-jdbc-5.1.9.RELEASE.jar:5.1.9.RELEASE]
	at org.springframework.test.context.jdbc.SqlScriptsTestExecutionListener.lambda$executeSqlScripts$3(SqlScriptsTestExecutionListener.java:229) ~[spring-test-5.1.9.RELEASE.jar:5.1.9.RELEASE]
	at org.springframework.transaction.support.TransactionTemplate.execute(TransactionTemplate.java:140) ~[spring-tx-5.1.9.RELEASE.jar:5.1.9.RELEASE]
	at org.springframework.test.context.jdbc.SqlScriptsTestExecutionListener.executeSqlScripts(SqlScriptsTestExecutionListener.java:228) ~[spring-test-5.1.9.RELEASE.jar:5.1.9.RELEASE]
	at org.springframework.test.context.jdbc.SqlScriptsTestExecutionListener.executeSqlScripts(SqlScriptsTestExecutionListener.java:142) ~[spring-test-5.1.9.RELEASE.jar:5.1.9.RELEASE]
	at org.springframework.test.context.jdbc.SqlScriptsTestExecutionListener.beforeTestMethod(SqlScriptsTestExecutionListener.java:112) ~[spring-test-5.1.9.RELEASE.jar:5.1.9.RELEASE]
	at org.springframework.test.context.TestContextManager.beforeTestMethod(TestContextManager.java:291) ~[spring-test-5.1.9.RELEASE.jar:5.1.9.RELEASE]
	at org.springframework.test.context.junit4.statements.RunBeforeTestMethodCallbacks.evaluate(RunBeforeTestMethodCallbacks.java:74) [spring-test-5.1.9.RELEASE.jar:5.1.9.RELEASE]
	at org.springframework.test.context.junit4.statements.RunAfterTestMethodCallbacks.evaluate(RunAfterTestMethodCallbacks.java:86) [spring-test-5.1.9.RELEASE.jar:5.1.9.RELEASE]
	at org.springframework.test.context.junit4.statements.SpringRepeat.evaluate(SpringRepeat.java:84) [spring-test-5.1.9.RELEASE.jar:5.1.9.RELEASE]
	at org.junit.runners.ParentRunner.runLeaf(ParentRunner.java:325) [junit-4.12.jar:4.12]
	at org.springframework.test.context.junit4.SpringJUnit4ClassRunner.runChild(SpringJUnit4ClassRunner.java:251) [spring-test-5.1.9.RELEASE.jar:5.1.9.RELEASE]
	at org.springframework.test.context.junit4.SpringJUnit4ClassRunner.runChild(SpringJUnit4ClassRunner.java:97) [spring-test-5.1.9.RELEASE.jar:5.1.9.RELEASE]
	at org.junit.runners.ParentRunner$3.run(ParentRunner.java:290) [junit-4.12.jar:4.12]
	at org.junit.runners.ParentRunner$1.schedule(ParentRunner.java:71) [junit-4.12.jar:4.12]
	at org.junit.runners.ParentRunner.runChildren(ParentRunner.java:288) [junit-4.12.jar:4.12]
	at org.junit.runners.ParentRunner.access$000(ParentRunner.java:58) [junit-4.12.jar:4.12]
	at org.junit.runners.ParentRunner$2.evaluate(ParentRunner.java:268) [junit-4.12.jar:4.12]
	at org.springframework.test.context.junit4.statements.RunBeforeTestClassCallbacks.evaluate(RunBeforeTestClassCallbacks.java:61) [spring-test-5.1.9.RELEASE.jar:5.1.9.RELEASE]
	at org.springframework.test.context.junit4.statements.RunAfterTestClassCallbacks.evaluate(RunAfterTestClassCallbacks.java:70) [spring-test-5.1.9.RELEASE.jar:5.1.9.RELEASE]
	at org.junit.runners.ParentRunner.run(ParentRunner.java:363) [junit-4.12.jar:4.12]
	at org.springframework.test.context.junit4.SpringJUnit4ClassRunner.run(SpringJUnit4ClassRunner.java:190) [spring-test-5.1.9.RELEASE.jar:5.1.9.RELEASE]
	at org.apache.maven.surefire.junit4.JUnit4Provider.execute(JUnit4Provider.java:365) [surefire-junit4-2.22.2.jar:2.22.2]
	at org.apache.maven.surefire.junit4.JUnit4Provider.executeWithRerun(JUnit4Provider.java:273) [surefire-junit4-2.22.2.jar:2.22.2]
	at org.apache.maven.surefire.junit4.JUnit4Provider.executeTestSet(JUnit4Provider.java:238) [surefire-junit4-2.22.2.jar:2.22.2]
	at org.apache.maven.surefire.junit4.JUnit4Provider.invoke(JUnit4Provider.java:159) [surefire-junit4-2.22.2.jar:2.22.2]
	at org.apache.maven.surefire.booter.ForkedBooter.invokeProviderInSameClassLoader(ForkedBooter.java:384) [surefire-booter-2.22.2.jar:2.22.2]
	at org.apache.maven.surefire.booter.ForkedBooter.runSuitesInProcess(ForkedBooter.java:345) [surefire-booter-2.22.2.jar:2.22.2]
	at org.apache.maven.surefire.booter.ForkedBooter.execute(ForkedBooter.java:126) [surefire-booter-2.22.2.jar:2.22.2]
	at org.apache.maven.surefire.booter.ForkedBooter.main(ForkedBooter.java:418) [surefire-booter-2.22.2.jar:2.22.2]
Caused by: org.postgresql.util.PSQLException: ERROR: date/time field value out of range: "10/27/2000"
  Dica: Perhaps you need a different "datestyle" setting.
  Posição: 605
	at org.postgresql.core.v3.QueryExecutorImpl.receiveErrorResponse(QueryExecutorImpl.java:2497) ~[postgresql-42.2.8.jar:42.2.8]
	at org.postgresql.core.v3.QueryExecutorImpl.processResults(QueryExecutorImpl.java:2233) ~[postgresql-42.2.8.jar:42.2.8]
	at org.postgresql.core.v3.QueryExecutorImpl.execute(QueryExecutorImpl.java:310) ~[postgresql-42.2.8.jar:42.2.8]
	at org.postgresql.jdbc.PgStatement.executeInternal(PgStatement.java:446) ~[postgresql-42.2.8.jar:42.2.8]
	at org.postgresql.jdbc.PgStatement.execute(PgStatement.java:370) ~[postgresql-42.2.8.jar:42.2.8]
	at org.postgresql.jdbc.PgStatement.executeWithFlags(PgStatement.java:311) ~[postgresql-42.2.8.jar:42.2.8]
	at org.postgresql.jdbc.PgStatement.executeCachedSql(PgStatement.java:297) ~[postgresql-42.2.8.jar:42.2.8]
	at org.postgresql.jdbc.PgStatement.executeWithFlags(PgStatement.java:274) ~[postgresql-42.2.8.jar:42.2.8]
	at org.postgresql.jdbc.PgStatement.execute(PgStatement.java:269) ~[postgresql-42.2.8.jar:42.2.8]
	at com.zaxxer.hikari.pool.ProxyStatement.execute(ProxyStatement.java:95) ~[HikariCP-3.2.0.jar:na]
	at com.zaxxer.hikari.pool.HikariProxyStatement.execute(HikariProxyStatement.java) ~[HikariCP-3.2.0.jar:na]
	at org.springframework.jdbc.datasource.init.ScriptUtils.executeSqlScript(ScriptUtils.java:488) ~[spring-jdbc-5.1.9.RELEASE.jar:5.1.9.RELEASE]
	... 32 common frames omitted

]]></system-out>
  </testcase>
  <testcase name="cadastrarAlunoMustPass" classname="com.flashcursos.model.service.AlunoTests" time="0.447">
    <error message="Failed to execute SQL script statement #1 of class path resource [dataset/usuarios.sql]: INSERT INTO usuario ( id, created, email, tipousuario, disponivel, nome, cpf, nascimento, celular, senha, account_activate_token, account_activate_token_expiration, password_reset_token, password_reset_token_expiration) VALUES ( 1001, now(), &apos;jlenon7@hotmail.com&apos;, 1, false, &apos;João Lenon&apos;, &apos;092.862.989-94&apos;, &apos;12/09/2000&apos;, &apos;(45) 99955-3220&apos;, &apos;$2a$10$bAdAVLvM.k3DqPaPYi0gnO1OffPSHLref8MElAk.u.fFQ17v9YKC2&apos;, &apos;f786c907-032e-451b-ac93-8508dec75a3d&apos;, &apos;2019-12-02&apos;, &apos;f786c907-032e-451b-ac93-8508dec75a3d&apos;, &apos;2019-12-02&apos;), ( 1002, now(), &apos;adryell.silva10@gmail.com&apos;, 2, false, &apos;Adryell Nathann&apos;, &apos;116.506.789-75&apos;, &apos;10/27/2000&apos;, &apos;(45) 99996-4523&apos;, &apos;$2a$10$bAdAVLvM.k3DqPaPYi0gnO1OffPSHLref8MElAk.u.fFQ17v9YKC2&apos;, &apos;f786c907-032e-451b-ac93-8508dec75a3d&apos;, &apos;2019-12-02&apos;, &apos;f786c907-032e-451b-ac93-8508dec75a3d&apos;, &apos;2019-12-02&apos;); nested exception is org.postgresql.util.PSQLException: ERROR: date/time field value out of range: &quot;10/27/2000&quot;&#10;  Dica: Perhaps you need a different &quot;datestyle&quot; setting.&#10;  Posição: 605" type="org.springframework.jdbc.datasource.init.ScriptStatementFailedException">org.springframework.jdbc.datasource.init.ScriptStatementFailedException: 
Failed to execute SQL script statement #1 of class path resource [dataset/usuarios.sql]: INSERT INTO usuario ( id, created, email, tipousuario, disponivel, nome, cpf, nascimento, celular, senha, account_activate_token, account_activate_token_expiration, password_reset_token, password_reset_token_expiration) VALUES ( 1001, now(), 'jlenon7@hotmail.com', 1, false, 'João Lenon', '092.862.989-94', '12/09/2000', '(45) 99955-3220', '$2a$10$bAdAVLvM.k3DqPaPYi0gnO1OffPSHLref8MElAk.u.fFQ17v9YKC2', 'f786c907-032e-451b-ac93-8508dec75a3d', '2019-12-02', 'f786c907-032e-451b-ac93-8508dec75a3d', '2019-12-02'), ( 1002, now(), 'adryell.silva10@gmail.com', 2, false, 'Adryell Nathann', '116.506.789-75', '10/27/2000', '(45) 99996-4523', '$2a$10$bAdAVLvM.k3DqPaPYi0gnO1OffPSHLref8MElAk.u.fFQ17v9YKC2', 'f786c907-032e-451b-ac93-8508dec75a3d', '2019-12-02', 'f786c907-032e-451b-ac93-8508dec75a3d', '2019-12-02'); nested exception is org.postgresql.util.PSQLException: ERROR: date/time field value out of range: "10/27/2000"
  Dica: Perhaps you need a different "datestyle" setting.
  Posição: 605
Caused by: org.postgresql.util.PSQLException: 
ERROR: date/time field value out of range: "10/27/2000"
  Dica: Perhaps you need a different "datestyle" setting.
  Posição: 605
</error>
    <system-out><![CDATA[2019-12-09 22:53:12.001  WARN 7688 --- [           main] o.s.test.context.TestContextManager      : Caught exception while invoking 'beforeTestMethod' callback on TestExecutionListener [org.springframework.test.context.jdbc.SqlScriptsTestExecutionListener@77847718] for test method [public void com.flashcursos.model.service.AlunoTests.cadastrarAlunoMustPass()] and test instance [com.flashcursos.model.service.AlunoTests@27b7e663]

org.springframework.jdbc.datasource.init.ScriptStatementFailedException: Failed to execute SQL script statement #1 of class path resource [dataset/usuarios.sql]: INSERT INTO usuario ( id, created, email, tipousuario, disponivel, nome, cpf, nascimento, celular, senha, account_activate_token, account_activate_token_expiration, password_reset_token, password_reset_token_expiration) VALUES ( 1001, now(), 'jlenon7@hotmail.com', 1, false, 'João Lenon', '092.862.989-94', '12/09/2000', '(45) 99955-3220', '$2a$10$bAdAVLvM.k3DqPaPYi0gnO1OffPSHLref8MElAk.u.fFQ17v9YKC2', 'f786c907-032e-451b-ac93-8508dec75a3d', '2019-12-02', 'f786c907-032e-451b-ac93-8508dec75a3d', '2019-12-02'), ( 1002, now(), 'adryell.silva10@gmail.com', 2, false, 'Adryell Nathann', '116.506.789-75', '10/27/2000', '(45) 99996-4523', '$2a$10$bAdAVLvM.k3DqPaPYi0gnO1OffPSHLref8MElAk.u.fFQ17v9YKC2', 'f786c907-032e-451b-ac93-8508dec75a3d', '2019-12-02', 'f786c907-032e-451b-ac93-8508dec75a3d', '2019-12-02'); nested exception is org.postgresql.util.PSQLException: ERROR: date/time field value out of range: "10/27/2000"
  Dica: Perhaps you need a different "datestyle" setting.
  Posição: 605
	at org.springframework.jdbc.datasource.init.ScriptUtils.executeSqlScript(ScriptUtils.java:509) ~[spring-jdbc-5.1.9.RELEASE.jar:5.1.9.RELEASE]
	at org.springframework.jdbc.datasource.init.ResourceDatabasePopulator.populate(ResourceDatabasePopulator.java:238) ~[spring-jdbc-5.1.9.RELEASE.jar:5.1.9.RELEASE]
	at org.springframework.jdbc.datasource.init.DatabasePopulatorUtils.execute(DatabasePopulatorUtils.java:48) ~[spring-jdbc-5.1.9.RELEASE.jar:5.1.9.RELEASE]
	at org.springframework.jdbc.datasource.init.ResourceDatabasePopulator.execute(ResourceDatabasePopulator.java:253) ~[spring-jdbc-5.1.9.RELEASE.jar:5.1.9.RELEASE]
	at org.springframework.test.context.jdbc.SqlScriptsTestExecutionListener.lambda$executeSqlScripts$3(SqlScriptsTestExecutionListener.java:229) ~[spring-test-5.1.9.RELEASE.jar:5.1.9.RELEASE]
	at org.springframework.transaction.support.TransactionTemplate.execute(TransactionTemplate.java:140) ~[spring-tx-5.1.9.RELEASE.jar:5.1.9.RELEASE]
	at org.springframework.test.context.jdbc.SqlScriptsTestExecutionListener.executeSqlScripts(SqlScriptsTestExecutionListener.java:228) ~[spring-test-5.1.9.RELEASE.jar:5.1.9.RELEASE]
	at org.springframework.test.context.jdbc.SqlScriptsTestExecutionListener.executeSqlScripts(SqlScriptsTestExecutionListener.java:142) ~[spring-test-5.1.9.RELEASE.jar:5.1.9.RELEASE]
	at org.springframework.test.context.jdbc.SqlScriptsTestExecutionListener.beforeTestMethod(SqlScriptsTestExecutionListener.java:112) ~[spring-test-5.1.9.RELEASE.jar:5.1.9.RELEASE]
	at org.springframework.test.context.TestContextManager.beforeTestMethod(TestContextManager.java:291) ~[spring-test-5.1.9.RELEASE.jar:5.1.9.RELEASE]
	at org.springframework.test.context.junit4.statements.RunBeforeTestMethodCallbacks.evaluate(RunBeforeTestMethodCallbacks.java:74) [spring-test-5.1.9.RELEASE.jar:5.1.9.RELEASE]
	at org.springframework.test.context.junit4.statements.RunAfterTestMethodCallbacks.evaluate(RunAfterTestMethodCallbacks.java:86) [spring-test-5.1.9.RELEASE.jar:5.1.9.RELEASE]
	at org.springframework.test.context.junit4.statements.SpringRepeat.evaluate(SpringRepeat.java:84) [spring-test-5.1.9.RELEASE.jar:5.1.9.RELEASE]
	at org.junit.runners.ParentRunner.runLeaf(ParentRunner.java:325) [junit-4.12.jar:4.12]
	at org.springframework.test.context.junit4.SpringJUnit4ClassRunner.runChild(SpringJUnit4ClassRunner.java:251) [spring-test-5.1.9.RELEASE.jar:5.1.9.RELEASE]
	at org.springframework.test.context.junit4.SpringJUnit4ClassRunner.runChild(SpringJUnit4ClassRunner.java:97) [spring-test-5.1.9.RELEASE.jar:5.1.9.RELEASE]
	at org.junit.runners.ParentRunner$3.run(ParentRunner.java:290) [junit-4.12.jar:4.12]
	at org.junit.runners.ParentRunner$1.schedule(ParentRunner.java:71) [junit-4.12.jar:4.12]
	at org.junit.runners.ParentRunner.runChildren(ParentRunner.java:288) [junit-4.12.jar:4.12]
	at org.junit.runners.ParentRunner.access$000(ParentRunner.java:58) [junit-4.12.jar:4.12]
	at org.junit.runners.ParentRunner$2.evaluate(ParentRunner.java:268) [junit-4.12.jar:4.12]
	at org.springframework.test.context.junit4.statements.RunBeforeTestClassCallbacks.evaluate(RunBeforeTestClassCallbacks.java:61) [spring-test-5.1.9.RELEASE.jar:5.1.9.RELEASE]
	at org.springframework.test.context.junit4.statements.RunAfterTestClassCallbacks.evaluate(RunAfterTestClassCallbacks.java:70) [spring-test-5.1.9.RELEASE.jar:5.1.9.RELEASE]
	at org.junit.runners.ParentRunner.run(ParentRunner.java:363) [junit-4.12.jar:4.12]
	at org.springframework.test.context.junit4.SpringJUnit4ClassRunner.run(SpringJUnit4ClassRunner.java:190) [spring-test-5.1.9.RELEASE.jar:5.1.9.RELEASE]
	at org.apache.maven.surefire.junit4.JUnit4Provider.execute(JUnit4Provider.java:365) [surefire-junit4-2.22.2.jar:2.22.2]
	at org.apache.maven.surefire.junit4.JUnit4Provider.executeWithRerun(JUnit4Provider.java:273) [surefire-junit4-2.22.2.jar:2.22.2]
	at org.apache.maven.surefire.junit4.JUnit4Provider.executeTestSet(JUnit4Provider.java:238) [surefire-junit4-2.22.2.jar:2.22.2]
	at org.apache.maven.surefire.junit4.JUnit4Provider.invoke(JUnit4Provider.java:159) [surefire-junit4-2.22.2.jar:2.22.2]
	at org.apache.maven.surefire.booter.ForkedBooter.invokeProviderInSameClassLoader(ForkedBooter.java:384) [surefire-booter-2.22.2.jar:2.22.2]
	at org.apache.maven.surefire.booter.ForkedBooter.runSuitesInProcess(ForkedBooter.java:345) [surefire-booter-2.22.2.jar:2.22.2]
	at org.apache.maven.surefire.booter.ForkedBooter.execute(ForkedBooter.java:126) [surefire-booter-2.22.2.jar:2.22.2]
	at org.apache.maven.surefire.booter.ForkedBooter.main(ForkedBooter.java:418) [surefire-booter-2.22.2.jar:2.22.2]
Caused by: org.postgresql.util.PSQLException: ERROR: date/time field value out of range: "10/27/2000"
  Dica: Perhaps you need a different "datestyle" setting.
  Posição: 605
	at org.postgresql.core.v3.QueryExecutorImpl.receiveErrorResponse(QueryExecutorImpl.java:2497) ~[postgresql-42.2.8.jar:42.2.8]
	at org.postgresql.core.v3.QueryExecutorImpl.processResults(QueryExecutorImpl.java:2233) ~[postgresql-42.2.8.jar:42.2.8]
	at org.postgresql.core.v3.QueryExecutorImpl.execute(QueryExecutorImpl.java:310) ~[postgresql-42.2.8.jar:42.2.8]
	at org.postgresql.jdbc.PgStatement.executeInternal(PgStatement.java:446) ~[postgresql-42.2.8.jar:42.2.8]
	at org.postgresql.jdbc.PgStatement.execute(PgStatement.java:370) ~[postgresql-42.2.8.jar:42.2.8]
	at org.postgresql.jdbc.PgStatement.executeWithFlags(PgStatement.java:311) ~[postgresql-42.2.8.jar:42.2.8]
	at org.postgresql.jdbc.PgStatement.executeCachedSql(PgStatement.java:297) ~[postgresql-42.2.8.jar:42.2.8]
	at org.postgresql.jdbc.PgStatement.executeWithFlags(PgStatement.java:274) ~[postgresql-42.2.8.jar:42.2.8]
	at org.postgresql.jdbc.PgStatement.execute(PgStatement.java:269) ~[postgresql-42.2.8.jar:42.2.8]
	at com.zaxxer.hikari.pool.ProxyStatement.execute(ProxyStatement.java:95) ~[HikariCP-3.2.0.jar:na]
	at com.zaxxer.hikari.pool.HikariProxyStatement.execute(HikariProxyStatement.java) ~[HikariCP-3.2.0.jar:na]
	at org.springframework.jdbc.datasource.init.ScriptUtils.executeSqlScript(ScriptUtils.java:488) ~[spring-jdbc-5.1.9.RELEASE.jar:5.1.9.RELEASE]
	... 32 common frames omitted

]]></system-out>
  </testcase>
</testsuite>